\BOOKMARK [0][-]{chapter.1}{\376\377\000F\000i\000l\000e\000\040\000I\000n\000d\000e\000x}{}% 1
\BOOKMARK [1][-]{section.1.1}{\376\377\000F\000i\000l\000e\000\040\000L\000i\000s\000t}{chapter.1}% 2
\BOOKMARK [0][-]{chapter.2}{\376\377\000F\000i\000l\000e\000\040\000D\000o\000c\000u\000m\000e\000n\000t\000a\000t\000i\000o\000n}{}% 3
\BOOKMARK [1][-]{section.2.1}{\376\377\000L\000i\000b\000r\000a\000r\000y\000\137\000L\000i\000b\000L\000i\000d\000a\000r\000L\000m\000s\0001\0005\0001\000.\000c\000\040\000F\000i\000l\000e\000\040\000R\000e\000f\000e\000r\000e\000n\000c\000e}{chapter.2}% 4
\BOOKMARK [2][-]{subsection.2.1.1}{\376\377\000D\000e\000t\000a\000i\000l\000e\000d\000\040\000D\000e\000s\000c\000r\000i\000p\000t\000i\000o\000n}{section.2.1}% 5
\BOOKMARK [2][-]{subsection.2.1.2}{\376\377\000M\000a\000c\000r\000o\000\040\000D\000e\000f\000i\000n\000i\000t\000i\000o\000n\000\040\000D\000o\000c\000u\000m\000e\000n\000t\000a\000t\000i\000o\000n}{section.2.1}% 6
\BOOKMARK [3][-]{subsubsection.2.1.2.1}{\376\377\000K\000\137\000B\000U\000F\000F\000E\000R\000\137\000S\000I\000Z\000E\000\137\000M\000A\000X}{subsection.2.1.2}% 7
\BOOKMARK [2][-]{subsection.2.1.3}{\376\377\000E\000n\000u\000m\000e\000r\000a\000t\000i\000o\000n\000\040\000T\000y\000p\000e\000\040\000D\000o\000c\000u\000m\000e\000n\000t\000a\000t\000i\000o\000n}{section.2.1}% 8
\BOOKMARK [3][-]{subsubsection.2.1.3.1}{\376\377\000t\000e\000\137\000C\000o\000n\000t\000e\000n\000t\000O\000u\000t\000C\000h\000a\000n\000n\000e\000l}{subsection.2.1.3}% 9
\BOOKMARK [3][-]{subsubsection.2.1.3.2}{\376\377\000t\000e\000\137\000R\000e\000a\000d\000S\000t\000a\000t\000u\000s}{subsection.2.1.3}% 10
\BOOKMARK [3][-]{subsubsection.2.1.3.3}{\376\377\000t\000e\000\137\000s\000u\000b\000S\000t\000a\000t\000e}{subsection.2.1.3}% 11
\BOOKMARK [2][-]{subsection.2.1.4}{\376\377\000F\000u\000n\000c\000t\000i\000o\000n\000\040\000D\000o\000c\000u\000m\000e\000n\000t\000a\000t\000i\000o\000n}{section.2.1}% 12
\BOOKMARK [3][-]{subsubsection.2.1.4.1}{\376\377\000L\000i\000b\000L\000i\000d\000a\000r\000L\000m\000s\0001\0005\0001\000\137\000C\000l\000o\000s\000e}{subsection.2.1.4}% 13
\BOOKMARK [3][-]{subsubsection.2.1.4.2}{\376\377\000L\000i\000b\000L\000i\000d\000a\000r\000L\000m\000s\0001\0005\0001\000\137\000C\000o\000n\000f\000i\000g\000u\000r\000e}{subsection.2.1.4}% 14
\BOOKMARK [3][-]{subsubsection.2.1.4.3}{\376\377\000L\000i\000b\000L\000i\000d\000a\000r\000L\000m\000s\0001\0005\0001\000\137\000G\000e\000t\000\137\000I\000n\000t\000e\000r\000n\000a\000l\000S\000t\000a\000t\000e}{subsection.2.1.4}% 15
\BOOKMARK [3][-]{subsubsection.2.1.4.4}{\376\377\000L\000i\000b\000L\000i\000d\000a\000r\000L\000m\000s\0001\0005\0001\000\137\000G\000e\000t\000\137\000M\000o\000d\000e}{subsection.2.1.4}% 16
\BOOKMARK [3][-]{subsubsection.2.1.4.5}{\376\377\000L\000i\000b\000L\000i\000d\000a\000r\000L\000m\000s\0001\0005\0001\000\137\000G\000e\000t\000\137\000S\000c\000a\000n}{subsection.2.1.4}% 17
\BOOKMARK [3][-]{subsubsection.2.1.4.6}{\376\377\000L\000i\000b\000L\000i\000d\000a\000r\000L\000m\000s\0001\0005\0001\000\137\000G\000e\000t\000\137\000S\000t\000a\000t\000u\000s}{subsection.2.1.4}% 18
\BOOKMARK [3][-]{subsubsection.2.1.4.7}{\376\377\000L\000i\000b\000L\000i\000d\000a\000r\000L\000m\000s\0001\0005\0001\000\137\000G\000e\000t\000\137\000T\000i\000m\000e\000s\000t\000a\000m\000p}{subsection.2.1.4}% 19
\BOOKMARK [3][-]{subsubsection.2.1.4.8}{\376\377\000L\000i\000b\000L\000i\000d\000a\000r\000L\000m\000s\0001\0005\0001\000\137\000I\000n\000i\000t\000i\000a\000l\000i\000z\000e}{subsection.2.1.4}% 20
\BOOKMARK [3][-]{subsubsection.2.1.4.9}{\376\377\000L\000i\000b\000L\000i\000d\000a\000r\000L\000m\000s\0001\0005\0001\000\137\000M\000a\000n\000a\000g\000e}{subsection.2.1.4}% 21
\BOOKMARK [3][-]{subsubsection.2.1.4.10}{\376\377\000L\000i\000b\000L\000i\000d\000a\000r\000L\000m\000s\0001\0005\0001\000\137\000O\000p\000e\000n}{subsection.2.1.4}% 22
\BOOKMARK [0][-]{section*.5}{\376\377\000I\000n\000d\000e\000x}{}% 23
