Compiling the C compiler identification source file "CMakeCCompilerId.c" failed.
Compiler: /home/seb/01_Project/07_Aggron/02_Search/01_Raspberry/02_Tools/tools/arm-bcm2708/gcc-linaro-arm-linux-gnueabihf-raspbian-x64/bin/arm-linux-gnueabihf-cc 
Build flags: ;-Wall;-g
Id flags: 

The output was:
No such file or directory


Compiling the C compiler identification source file "CMakeCCompilerId.c" failed.
Compiler: /home/seb/01_Project/07_Aggron/02_Search/01_Raspberry/02_Tools/tools/arm-bcm2708/gcc-linaro-arm-linux-gnueabihf-raspbian-x64/bin/arm-linux-gnueabihf-cc 
Build flags: ;-Wall;-g
Id flags: -c

The output was:
No such file or directory


Compiling the C compiler identification source file "CMakeCCompilerId.c" failed.
Compiler: /home/seb/01_Project/07_Aggron/02_Search/01_Raspberry/02_Tools/tools/arm-bcm2708/gcc-linaro-arm-linux-gnueabihf-raspbian-x64/bin/arm-linux-gnueabihf-cc 
Build flags: ;-Wall;-g
Id flags: -Aa

The output was:
No such file or directory


Checking whether the C compiler is IAR using "" did not match "IAR .+ Compiler":
Determining if the C compiler works failed with the following output:


