The system is: Linux - 3.19.0-59-generic - x86_64
Compiling the CXX compiler identification source file "CMakeCXXCompilerId.cpp" succeeded.
Compiler: /home/seb/01_Project/07_Aggron/02_Search/01_Raspberry/02_Tools/tools/arm-bcm2708/gcc-linaro-arm-linux-gnueabihf-raspbian-x64/bin/arm-linux-gnueabihf-c++ 
Build flags: 
Id flags: 

The output was:
0


Compilation of the CXX compiler identification source "CMakeCXXCompilerId.cpp" produced "a.out"

The CXX compiler identification is GNU, found in "/home/seb/01_Project/07_Aggron/01_Aggron/02_Code/01_HighLevel/Service_Lidar/build/CMakeFiles/2.8.12.2/CompilerIdCXX/a.out"

Compiling the C compiler identification source file "CMakeCCompilerId.c" succeeded.
Compiler: /home/seb/01_Project/07_Aggron/02_Search/01_Raspberry/02_Tools/tools/arm-bcm2708/gcc-linaro-arm-linux-gnueabihf-raspbian-x64/bin/arm-linux-gnueabihf-gcc 
Build flags: ;-Wall;-g
Id flags: 

The output was:
0


Compilation of the C compiler identification source "CMakeCCompilerId.c" produced "a.out"

The C compiler identification is GNU, found in "/home/seb/01_Project/07_Aggron/01_Aggron/02_Code/01_HighLevel/Service_Lidar/build/CMakeFiles/2.8.12.2/CompilerIdC/a.out"

Compiling the CXX compiler identification source file "CMakeCXXCompilerId.cpp" succeeded.
Compiler: /home/seb/01_Project/07_Aggron/02_Search/01_Raspberry/02_Tools/tools/arm-bcm2708/gcc-linaro-arm-linux-gnueabihf-raspbian-x64/bin/arm-linux-gnueabihf-c++ 
Build flags: 
Id flags: 

The output was:
0


Compilation of the CXX compiler identification source "CMakeCXXCompilerId.cpp" produced "a.out"

The CXX compiler identification is GNU, found in "/home/seb/01_Project/07_Aggron/01_Aggron/02_Code/01_HighLevel/Service_Lidar/build/CMakeFiles/2.8.12.2/CompilerIdCXX/a.out"

Determining if the C compiler works passed with the following output:
Change Dir: /home/seb/01_Project/07_Aggron/01_Aggron/02_Code/01_HighLevel/Service_Lidar/build/CMakeFiles/CMakeTmp

Run Build Command:/usr/bin/make "cmTryCompileExec3509797541/fast"
make[1]: entrant dans le répertoire « /home/seb/01_Project/07_Aggron/01_Aggron/02_Code/01_HighLevel/Service_Lidar/build/CMakeFiles/CMakeTmp »
/usr/bin/make -f CMakeFiles/cmTryCompileExec3509797541.dir/build.make CMakeFiles/cmTryCompileExec3509797541.dir/build
make[2]: entrant dans le répertoire « /home/seb/01_Project/07_Aggron/01_Aggron/02_Code/01_HighLevel/Service_Lidar/build/CMakeFiles/CMakeTmp »
/usr/bin/cmake -E cmake_progress_report /home/seb/01_Project/07_Aggron/01_Aggron/02_Code/01_HighLevel/Service_Lidar/build/CMakeFiles/CMakeTmp/CMakeFiles 1
Building C object CMakeFiles/cmTryCompileExec3509797541.dir/testCCompiler.c.o
/home/seb/01_Project/07_Aggron/02_Search/01_Raspberry/02_Tools/tools/arm-bcm2708/gcc-linaro-arm-linux-gnueabihf-raspbian-x64/bin/arm-linux-gnueabihf-gcc   -Wall -g    -o CMakeFiles/cmTryCompileExec3509797541.dir/testCCompiler.c.o   -c /home/seb/01_Project/07_Aggron/01_Aggron/02_Code/01_HighLevel/Service_Lidar/build/CMakeFiles/CMakeTmp/testCCompiler.c
Linking C executable cmTryCompileExec3509797541
/usr/bin/cmake -E cmake_link_script CMakeFiles/cmTryCompileExec3509797541.dir/link.txt --verbose=1
/home/seb/01_Project/07_Aggron/02_Search/01_Raspberry/02_Tools/tools/arm-bcm2708/gcc-linaro-arm-linux-gnueabihf-raspbian-x64/bin/arm-linux-gnueabihf-gcc   -Wall -g     CMakeFiles/cmTryCompileExec3509797541.dir/testCCompiler.c.o  -o cmTryCompileExec3509797541 -rdynamic 
make[2]: quittant le répertoire « /home/seb/01_Project/07_Aggron/01_Aggron/02_Code/01_HighLevel/Service_Lidar/build/CMakeFiles/CMakeTmp »
make[1]: quittant le répertoire « /home/seb/01_Project/07_Aggron/01_Aggron/02_Code/01_HighLevel/Service_Lidar/build/CMakeFiles/CMakeTmp »


Detecting C compiler ABI info compiled with the following output:
Change Dir: /home/seb/01_Project/07_Aggron/01_Aggron/02_Code/01_HighLevel/Service_Lidar/build/CMakeFiles/CMakeTmp

Run Build Command:/usr/bin/make "cmTryCompileExec2581317888/fast"
make[1]: entrant dans le répertoire « /home/seb/01_Project/07_Aggron/01_Aggron/02_Code/01_HighLevel/Service_Lidar/build/CMakeFiles/CMakeTmp »
/usr/bin/make -f CMakeFiles/cmTryCompileExec2581317888.dir/build.make CMakeFiles/cmTryCompileExec2581317888.dir/build
make[2]: entrant dans le répertoire « /home/seb/01_Project/07_Aggron/01_Aggron/02_Code/01_HighLevel/Service_Lidar/build/CMakeFiles/CMakeTmp »
/usr/bin/cmake -E cmake_progress_report /home/seb/01_Project/07_Aggron/01_Aggron/02_Code/01_HighLevel/Service_Lidar/build/CMakeFiles/CMakeTmp/CMakeFiles 1
Building C object CMakeFiles/cmTryCompileExec2581317888.dir/CMakeCCompilerABI.c.o
/home/seb/01_Project/07_Aggron/02_Search/01_Raspberry/02_Tools/tools/arm-bcm2708/gcc-linaro-arm-linux-gnueabihf-raspbian-x64/bin/arm-linux-gnueabihf-gcc   -Wall -g    -o CMakeFiles/cmTryCompileExec2581317888.dir/CMakeCCompilerABI.c.o   -c /usr/share/cmake-2.8/Modules/CMakeCCompilerABI.c
Linking C executable cmTryCompileExec2581317888
/usr/bin/cmake -E cmake_link_script CMakeFiles/cmTryCompileExec2581317888.dir/link.txt --verbose=1
/home/seb/01_Project/07_Aggron/02_Search/01_Raspberry/02_Tools/tools/arm-bcm2708/gcc-linaro-arm-linux-gnueabihf-raspbian-x64/bin/arm-linux-gnueabihf-gcc   -Wall -g   -v CMakeFiles/cmTryCompileExec2581317888.dir/CMakeCCompilerABI.c.o  -o cmTryCompileExec2581317888 -rdynamic  
Using built-in specs.
COLLECT_GCC=/home/seb/01_Project/07_Aggron/02_Search/01_Raspberry/02_Tools/tools/arm-bcm2708/gcc-linaro-arm-linux-gnueabihf-raspbian-x64/bin/arm-linux-gnueabihf-gcc
COLLECT_LTO_WRAPPER=/home/seb/01_Project/07_Aggron/02_Search/01_Raspberry/02_Tools/tools/arm-bcm2708/gcc-linaro-arm-linux-gnueabihf-raspbian-x64/bin/../libexec/gcc/arm-linux-gnueabihf/4.8.3/lto-wrapper
Target: arm-linux-gnueabihf
Configured with: /home/zhehe01/work/bzr/pi-build/builds/arm-linux-gnueabihf-raspbian-linux/.build/src/gcc-linaro-4.8-2014.03/configure --build=x86_64-build_unknown-linux-gnu --host=x86_64-build_unknown-linux-gnu --target=arm-linux-gnueabihf --prefix=/home/zhehe01/work/bzr/pi-build/builds/arm-linux-gnueabihf-raspbian-linux/install --with-sysroot=/home/zhehe01/work/bzr/pi-build/builds/arm-linux-gnueabihf-raspbian-linux/install/arm-linux-gnueabihf/libc --enable-languages=c,c++,fortran --disable-multilib --enable-multiarch --with-arch=armv6 --with-tune=arm1176jz-s --with-fpu=vfp --with-float=hard --with-pkgversion='crosstool-NG linaro-1.13.1+bzr2650 - Linaro GCC 2014.03' --with-bugurl=https://bugs.launchpad.net/gcc-linaro --enable-__cxa_atexit --enable-libmudflap --enable-libgomp --enable-libssp --with-gmp=/home/zhehe01/work/bzr/pi-build/builds/arm-linux-gnueabihf-raspbian-linux/.build/arm-linux-gnueabihf/build/static --with-mpfr=/home/zhehe01/work/bzr/pi-build/builds/arm-linux-gnueabihf-raspbian-linux/.build/arm-linux-gnueabihf/build/static --with-mpc=/home/zhehe01/work/bzr/pi-build/builds/arm-linux-gnueabihf-raspbian-linux/.build/arm-linux-gnueabihf/build/static --with-isl=/home/zhehe01/work/bzr/pi-build/builds/arm-linux-gnueabihf-raspbian-linux/.build/arm-linux-gnueabihf/build/static --with-cloog=/home/zhehe01/work/bzr/pi-build/builds/arm-linux-gnueabihf-raspbian-linux/.build/arm-linux-gnueabihf/build/static --with-libelf=/home/zhehe01/work/bzr/pi-build/builds/arm-linux-gnueabihf-raspbian-linux/.build/arm-linux-gnueabihf/build/static --enable-threads=posix --disable-libstdcxx-pch --enable-linker-build-id --enable-plugin --enable-gold --with-local-prefix=/home/zhehe01/work/bzr/pi-build/builds/arm-linux-gnueabihf-raspbian-linux/install/arm-linux-gnueabihf/libc --enable-c99 --enable-long-long --with-float=hard
Thread model: posix
gcc version 4.8.3 20140303 (prerelease) (crosstool-NG linaro-1.13.1+bzr2650 - Linaro GCC 2014.03) 
COMPILER_PATH=/home/seb/01_Project/07_Aggron/02_Search/01_Raspberry/02_Tools/tools/arm-bcm2708/gcc-linaro-arm-linux-gnueabihf-raspbian-x64/bin/../libexec/gcc/arm-linux-gnueabihf/4.8.3/:/home/seb/01_Project/07_Aggron/02_Search/01_Raspberry/02_Tools/tools/arm-bcm2708/gcc-linaro-arm-linux-gnueabihf-raspbian-x64/bin/../libexec/gcc/arm-linux-gnueabihf/:/home/seb/01_Project/07_Aggron/02_Search/01_Raspberry/02_Tools/tools/arm-bcm2708/gcc-linaro-arm-linux-gnueabihf-raspbian-x64/bin/../libexec/gcc/:/home/seb/01_Project/07_Aggron/02_Search/01_Raspberry/02_Tools/tools/arm-bcm2708/gcc-linaro-arm-linux-gnueabihf-raspbian-x64/bin/../libexec/gcc/arm-linux-gnueabihf/:/home/seb/01_Project/07_Aggron/02_Search/01_Raspberry/02_Tools/tools/arm-bcm2708/gcc-linaro-arm-linux-gnueabihf-raspbian-x64/bin/../lib/gcc/arm-linux-gnueabihf/4.8.3/../../../../arm-linux-gnueabihf/bin/
LIBRARY_PATH=/home/seb/01_Project/07_Aggron/02_Search/01_Raspberry/02_Tools/tools/arm-bcm2708/gcc-linaro-arm-linux-gnueabihf-raspbian-x64/bin/../lib/gcc/arm-linux-gnueabihf/4.8.3/:/home/seb/01_Project/07_Aggron/02_Search/01_Raspberry/02_Tools/tools/arm-bcm2708/gcc-linaro-arm-linux-gnueabihf-raspbian-x64/bin/../lib/gcc/arm-linux-gnueabihf/:/home/seb/01_Project/07_Aggron/02_Search/01_Raspberry/02_Tools/tools/arm-bcm2708/gcc-linaro-arm-linux-gnueabihf-raspbian-x64/bin/../lib/gcc/:/home/seb/01_Project/07_Aggron/02_Search/01_Raspberry/02_Tools/tools/arm-bcm2708/gcc-linaro-arm-linux-gnueabihf-raspbian-x64/bin/../lib/gcc/arm-linux-gnueabihf/:/home/seb/01_Project/07_Aggron/02_Search/01_Raspberry/02_Tools/tools/arm-bcm2708/gcc-linaro-arm-linux-gnueabihf-raspbian-x64/bin/../lib/gcc/arm-linux-gnueabihf/4.8.3/../../../../arm-linux-gnueabihf/lib/:/home/seb/01_Project/07_Aggron/02_Search/01_Raspberry/02_Tools/tools/arm-bcm2708/gcc-linaro-arm-linux-gnueabihf-raspbian-x64/bin/../arm-linux-gnueabihf/libc/lib/arm-linux-gnueabihf/:/home/seb/01_Project/07_Aggron/02_Search/01_Raspberry/02_Tools/tools/arm-bcm2708/gcc-linaro-arm-linux-gnueabihf-raspbian-x64/bin/../arm-linux-gnueabihf/libc/lib/:/home/seb/01_Project/07_Aggron/02_Search/01_Raspberry/02_Tools/tools/arm-bcm2708/gcc-linaro-arm-linux-gnueabihf-raspbian-x64/bin/../arm-linux-gnueabihf/libc/lib/arm-linux-gnueabihf/:/home/seb/01_Project/07_Aggron/02_Search/01_Raspberry/02_Tools/tools/arm-bcm2708/gcc-linaro-arm-linux-gnueabihf-raspbian-x64/bin/../arm-linux-gnueabihf/libc/usr/lib/arm-linux-gnueabihf/:/home/seb/01_Project/07_Aggron/02_Search/01_Raspberry/02_Tools/tools/arm-bcm2708/gcc-linaro-arm-linux-gnueabihf-raspbian-x64/bin/../arm-linux-gnueabihf/libc/usr/lib/:/home/seb/01_Project/07_Aggron/02_Search/01_Raspberry/02_Tools/tools/arm-bcm2708/gcc-linaro-arm-linux-gnueabihf-raspbian-x64/bin/../arm-linux-gnueabihf/libc/usr/lib/arm-linux-gnueabihf/
COLLECT_GCC_OPTIONS='-Wall' '-g' '-v' '-o' 'cmTryCompileExec2581317888' '-rdynamic' '-march=armv6' '-mtune=arm1176jz-s' '-mfloat-abi=hard' '-mfpu=vfp' '-mtls-dialect=gnu'
 /home/seb/01_Project/07_Aggron/02_Search/01_Raspberry/02_Tools/tools/arm-bcm2708/gcc-linaro-arm-linux-gnueabihf-raspbian-x64/bin/../libexec/gcc/arm-linux-gnueabihf/4.8.3/collect2 --sysroot=/home/seb/01_Project/07_Aggron/02_Search/01_Raspberry/02_Tools/tools/arm-bcm2708/gcc-linaro-arm-linux-gnueabihf-raspbian-x64/bin/../arm-linux-gnueabihf/libc --build-id --eh-frame-hdr -export-dynamic -dynamic-linker /lib/ld-linux-armhf.so.3 -X -m armelf_linux_eabi -o cmTryCompileExec2581317888 /home/seb/01_Project/07_Aggron/02_Search/01_Raspberry/02_Tools/tools/arm-bcm2708/gcc-linaro-arm-linux-gnueabihf-raspbian-x64/bin/../arm-linux-gnueabihf/libc/usr/lib/arm-linux-gnueabihf/crt1.o /home/seb/01_Project/07_Aggron/02_Search/01_Raspberry/02_Tools/tools/arm-bcm2708/gcc-linaro-arm-linux-gnueabihf-raspbian-x64/bin/../arm-linux-gnueabihf/libc/usr/lib/arm-linux-gnueabihf/crti.o /home/seb/01_Project/07_Aggron/02_Search/01_Raspberry/02_Tools/tools/arm-bcm2708/gcc-linaro-arm-linux-gnueabihf-raspbian-x64/bin/../lib/gcc/arm-linux-gnueabihf/4.8.3/crtbegin.o -L/home/seb/01_Project/07_Aggron/02_Search/01_Raspberry/02_Tools/tools/arm-bcm2708/gcc-linaro-arm-linux-gnueabihf-raspbian-x64/bin/../lib/gcc/arm-linux-gnueabihf/4.8.3 -L/home/seb/01_Project/07_Aggron/02_Search/01_Raspberry/02_Tools/tools/arm-bcm2708/gcc-linaro-arm-linux-gnueabihf-raspbian-x64/bin/../lib/gcc/arm-linux-gnueabihf -L/home/seb/01_Project/07_Aggron/02_Search/01_Raspberry/02_Tools/tools/arm-bcm2708/gcc-linaro-arm-linux-gnueabihf-raspbian-x64/bin/../lib/gcc -L/home/seb/01_Project/07_Aggron/02_Search/01_Raspberry/02_Tools/tools/arm-bcm2708/gcc-linaro-arm-linux-gnueabihf-raspbian-x64/bin/../lib/gcc/arm-linux-gnueabihf -L/home/seb/01_Project/07_Aggron/02_Search/01_Raspberry/02_Tools/tools/arm-bcm2708/gcc-linaro-arm-linux-gnueabihf-raspbian-x64/bin/../lib/gcc/arm-linux-gnueabihf/4.8.3/../../../../arm-linux-gnueabihf/lib -L/home/seb/01_Project/07_Aggron/02_Search/01_Raspberry/02_Tools/tools/arm-bcm2708/gcc-linaro-arm-linux-gnueabihf-raspbian-x64/bin/../arm-linux-gnueabihf/libc/lib/arm-linux-gnueabihf -L/home/seb/01_Project/07_Aggron/02_Search/01_Raspberry/02_Tools/tools/arm-bcm2708/gcc-linaro-arm-linux-gnueabihf-raspbian-x64/bin/../arm-linux-gnueabihf/libc/lib -L/home/seb/01_Project/07_Aggron/02_Search/01_Raspberry/02_Tools/tools/arm-bcm2708/gcc-linaro-arm-linux-gnueabihf-raspbian-x64/bin/../arm-linux-gnueabihf/libc/lib/arm-linux-gnueabihf -L/home/seb/01_Project/07_Aggron/02_Search/01_Raspberry/02_Tools/tools/arm-bcm2708/gcc-linaro-arm-linux-gnueabihf-raspbian-x64/bin/../arm-linux-gnueabihf/libc/usr/lib/arm-linux-gnueabihf -L/home/seb/01_Project/07_Aggron/02_Search/01_Raspberry/02_Tools/tools/arm-bcm2708/gcc-linaro-arm-linux-gnueabihf-raspbian-x64/bin/../arm-linux-gnueabihf/libc/usr/lib -L/home/seb/01_Project/07_Aggron/02_Search/01_Raspberry/02_Tools/tools/arm-bcm2708/gcc-linaro-arm-linux-gnueabihf-raspbian-x64/bin/../arm-linux-gnueabihf/libc/usr/lib/arm-linux-gnueabihf CMakeFiles/cmTryCompileExec2581317888.dir/CMakeCCompilerABI.c.o -lgcc --as-needed -lgcc_s --no-as-needed -lc -lgcc --as-needed -lgcc_s --no-as-needed /home/seb/01_Project/07_Aggron/02_Search/01_Raspberry/02_Tools/tools/arm-bcm2708/gcc-linaro-arm-linux-gnueabihf-raspbian-x64/bin/../lib/gcc/arm-linux-gnueabihf/4.8.3/crtend.o /home/seb/01_Project/07_Aggron/02_Search/01_Raspberry/02_Tools/tools/arm-bcm2708/gcc-linaro-arm-linux-gnueabihf-raspbian-x64/bin/../arm-linux-gnueabihf/libc/usr/lib/arm-linux-gnueabihf/crtn.o
make[2]: quittant le répertoire « /home/seb/01_Project/07_Aggron/01_Aggron/02_Code/01_HighLevel/Service_Lidar/build/CMakeFiles/CMakeTmp »
make[1]: quittant le répertoire « /home/seb/01_Project/07_Aggron/01_Aggron/02_Code/01_HighLevel/Service_Lidar/build/CMakeFiles/CMakeTmp »


Parsed C implicit link information from above output:
  link line regex: [^( *|.*[/\])(ld|([^/\]+-)?ld|collect2)[^/\]*( |$)]
  ignore line: [Change Dir: /home/seb/01_Project/07_Aggron/01_Aggron/02_Code/01_HighLevel/Service_Lidar/build/CMakeFiles/CMakeTmp]
  ignore line: []
  ignore line: [Run Build Command:/usr/bin/make "cmTryCompileExec2581317888/fast"]
  ignore line: [make[1]: entrant dans le répertoire « /home/seb/01_Project/07_Aggron/01_Aggron/02_Code/01_HighLevel/Service_Lidar/build/CMakeFiles/CMakeTmp »]
  ignore line: [/usr/bin/make -f CMakeFiles/cmTryCompileExec2581317888.dir/build.make CMakeFiles/cmTryCompileExec2581317888.dir/build]
  ignore line: [make[2]: entrant dans le répertoire « /home/seb/01_Project/07_Aggron/01_Aggron/02_Code/01_HighLevel/Service_Lidar/build/CMakeFiles/CMakeTmp »]
  ignore line: [/usr/bin/cmake -E cmake_progress_report /home/seb/01_Project/07_Aggron/01_Aggron/02_Code/01_HighLevel/Service_Lidar/build/CMakeFiles/CMakeTmp/CMakeFiles 1]
  ignore line: [Building C object CMakeFiles/cmTryCompileExec2581317888.dir/CMakeCCompilerABI.c.o]
  ignore line: [/home/seb/01_Project/07_Aggron/02_Search/01_Raspberry/02_Tools/tools/arm-bcm2708/gcc-linaro-arm-linux-gnueabihf-raspbian-x64/bin/arm-linux-gnueabihf-gcc   -Wall -g    -o CMakeFiles/cmTryCompileExec2581317888.dir/CMakeCCompilerABI.c.o   -c /usr/share/cmake-2.8/Modules/CMakeCCompilerABI.c]
  ignore line: [Linking C executable cmTryCompileExec2581317888]
  ignore line: [/usr/bin/cmake -E cmake_link_script CMakeFiles/cmTryCompileExec2581317888.dir/link.txt --verbose=1]
  ignore line: [/home/seb/01_Project/07_Aggron/02_Search/01_Raspberry/02_Tools/tools/arm-bcm2708/gcc-linaro-arm-linux-gnueabihf-raspbian-x64/bin/arm-linux-gnueabihf-gcc   -Wall -g   -v CMakeFiles/cmTryCompileExec2581317888.dir/CMakeCCompilerABI.c.o  -o cmTryCompileExec2581317888 -rdynamic  ]
  ignore line: [Using built-in specs.]
  ignore line: [COLLECT_GCC=/home/seb/01_Project/07_Aggron/02_Search/01_Raspberry/02_Tools/tools/arm-bcm2708/gcc-linaro-arm-linux-gnueabihf-raspbian-x64/bin/arm-linux-gnueabihf-gcc]
  ignore line: [COLLECT_LTO_WRAPPER=/home/seb/01_Project/07_Aggron/02_Search/01_Raspberry/02_Tools/tools/arm-bcm2708/gcc-linaro-arm-linux-gnueabihf-raspbian-x64/bin/../libexec/gcc/arm-linux-gnueabihf/4.8.3/lto-wrapper]
  ignore line: [Target: arm-linux-gnueabihf]
  ignore line: [Configured with: /home/zhehe01/work/bzr/pi-build/builds/arm-linux-gnueabihf-raspbian-linux/.build/src/gcc-linaro-4.8-2014.03/configure --build=x86_64-build_unknown-linux-gnu --host=x86_64-build_unknown-linux-gnu --target=arm-linux-gnueabihf --prefix=/home/zhehe01/work/bzr/pi-build/builds/arm-linux-gnueabihf-raspbian-linux/install --with-sysroot=/home/zhehe01/work/bzr/pi-build/builds/arm-linux-gnueabihf-raspbian-linux/install/arm-linux-gnueabihf/libc --enable-languages=c,c++,fortran --disable-multilib --enable-multiarch --with-arch=armv6 --with-tune=arm1176jz-s --with-fpu=vfp --with-float=hard --with-pkgversion='crosstool-NG linaro-1.13.1+bzr2650 - Linaro GCC 2014.03' --with-bugurl=https://bugs.launchpad.net/gcc-linaro --enable-__cxa_atexit --enable-libmudflap --enable-libgomp --enable-libssp --with-gmp=/home/zhehe01/work/bzr/pi-build/builds/arm-linux-gnueabihf-raspbian-linux/.build/arm-linux-gnueabihf/build/static --with-mpfr=/home/zhehe01/work/bzr/pi-build/builds/arm-linux-gnueabihf-raspbian-linux/.build/arm-linux-gnueabihf/build/static --with-mpc=/home/zhehe01/work/bzr/pi-build/builds/arm-linux-gnueabihf-raspbian-linux/.build/arm-linux-gnueabihf/build/static --with-isl=/home/zhehe01/work/bzr/pi-build/builds/arm-linux-gnueabihf-raspbian-linux/.build/arm-linux-gnueabihf/build/static --with-cloog=/home/zhehe01/work/bzr/pi-build/builds/arm-linux-gnueabihf-raspbian-linux/.build/arm-linux-gnueabihf/build/static --with-libelf=/home/zhehe01/work/bzr/pi-build/builds/arm-linux-gnueabihf-raspbian-linux/.build/arm-linux-gnueabihf/build/static --enable-threads=posix --disable-libstdcxx-pch --enable-linker-build-id --enable-plugin --enable-gold --with-local-prefix=/home/zhehe01/work/bzr/pi-build/builds/arm-linux-gnueabihf-raspbian-linux/install/arm-linux-gnueabihf/libc --enable-c99 --enable-long-long --with-float=hard]
  ignore line: [Thread model: posix]
  ignore line: [gcc version 4.8.3 20140303 (prerelease) (crosstool-NG linaro-1.13.1+bzr2650 - Linaro GCC 2014.03) ]
  ignore line: [COMPILER_PATH=/home/seb/01_Project/07_Aggron/02_Search/01_Raspberry/02_Tools/tools/arm-bcm2708/gcc-linaro-arm-linux-gnueabihf-raspbian-x64/bin/../libexec/gcc/arm-linux-gnueabihf/4.8.3/:/home/seb/01_Project/07_Aggron/02_Search/01_Raspberry/02_Tools/tools/arm-bcm2708/gcc-linaro-arm-linux-gnueabihf-raspbian-x64/bin/../libexec/gcc/arm-linux-gnueabihf/:/home/seb/01_Project/07_Aggron/02_Search/01_Raspberry/02_Tools/tools/arm-bcm2708/gcc-linaro-arm-linux-gnueabihf-raspbian-x64/bin/../libexec/gcc/:/home/seb/01_Project/07_Aggron/02_Search/01_Raspberry/02_Tools/tools/arm-bcm2708/gcc-linaro-arm-linux-gnueabihf-raspbian-x64/bin/../libexec/gcc/arm-linux-gnueabihf/:/home/seb/01_Project/07_Aggron/02_Search/01_Raspberry/02_Tools/tools/arm-bcm2708/gcc-linaro-arm-linux-gnueabihf-raspbian-x64/bin/../lib/gcc/arm-linux-gnueabihf/4.8.3/../../../../arm-linux-gnueabihf/bin/]
  ignore line: [LIBRARY_PATH=/home/seb/01_Project/07_Aggron/02_Search/01_Raspberry/02_Tools/tools/arm-bcm2708/gcc-linaro-arm-linux-gnueabihf-raspbian-x64/bin/../lib/gcc/arm-linux-gnueabihf/4.8.3/:/home/seb/01_Project/07_Aggron/02_Search/01_Raspberry/02_Tools/tools/arm-bcm2708/gcc-linaro-arm-linux-gnueabihf-raspbian-x64/bin/../lib/gcc/arm-linux-gnueabihf/:/home/seb/01_Project/07_Aggron/02_Search/01_Raspberry/02_Tools/tools/arm-bcm2708/gcc-linaro-arm-linux-gnueabihf-raspbian-x64/bin/../lib/gcc/:/home/seb/01_Project/07_Aggron/02_Search/01_Raspberry/02_Tools/tools/arm-bcm2708/gcc-linaro-arm-linux-gnueabihf-raspbian-x64/bin/../lib/gcc/arm-linux-gnueabihf/:/home/seb/01_Project/07_Aggron/02_Search/01_Raspberry/02_Tools/tools/arm-bcm2708/gcc-linaro-arm-linux-gnueabihf-raspbian-x64/bin/../lib/gcc/arm-linux-gnueabihf/4.8.3/../../../../arm-linux-gnueabihf/lib/:/home/seb/01_Project/07_Aggron/02_Search/01_Raspberry/02_Tools/tools/arm-bcm2708/gcc-linaro-arm-linux-gnueabihf-raspbian-x64/bin/../arm-linux-gnueabihf/libc/lib/arm-linux-gnueabihf/:/home/seb/01_Project/07_Aggron/02_Search/01_Raspberry/02_Tools/tools/arm-bcm2708/gcc-linaro-arm-linux-gnueabihf-raspbian-x64/bin/../arm-linux-gnueabihf/libc/lib/:/home/seb/01_Project/07_Aggron/02_Search/01_Raspberry/02_Tools/tools/arm-bcm2708/gcc-linaro-arm-linux-gnueabihf-raspbian-x64/bin/../arm-linux-gnueabihf/libc/lib/arm-linux-gnueabihf/:/home/seb/01_Project/07_Aggron/02_Search/01_Raspberry/02_Tools/tools/arm-bcm2708/gcc-linaro-arm-linux-gnueabihf-raspbian-x64/bin/../arm-linux-gnueabihf/libc/usr/lib/arm-linux-gnueabihf/:/home/seb/01_Project/07_Aggron/02_Search/01_Raspberry/02_Tools/tools/arm-bcm2708/gcc-linaro-arm-linux-gnueabihf-raspbian-x64/bin/../arm-linux-gnueabihf/libc/usr/lib/:/home/seb/01_Project/07_Aggron/02_Search/01_Raspberry/02_Tools/tools/arm-bcm2708/gcc-linaro-arm-linux-gnueabihf-raspbian-x64/bin/../arm-linux-gnueabihf/libc/usr/lib/arm-linux-gnueabihf/]
  ignore line: [COLLECT_GCC_OPTIONS='-Wall' '-g' '-v' '-o' 'cmTryCompileExec2581317888' '-rdynamic' '-march=armv6' '-mtune=arm1176jz-s' '-mfloat-abi=hard' '-mfpu=vfp' '-mtls-dialect=gnu']
  link line: [ /home/seb/01_Project/07_Aggron/02_Search/01_Raspberry/02_Tools/tools/arm-bcm2708/gcc-linaro-arm-linux-gnueabihf-raspbian-x64/bin/../libexec/gcc/arm-linux-gnueabihf/4.8.3/collect2 --sysroot=/home/seb/01_Project/07_Aggron/02_Search/01_Raspberry/02_Tools/tools/arm-bcm2708/gcc-linaro-arm-linux-gnueabihf-raspbian-x64/bin/../arm-linux-gnueabihf/libc --build-id --eh-frame-hdr -export-dynamic -dynamic-linker /lib/ld-linux-armhf.so.3 -X -m armelf_linux_eabi -o cmTryCompileExec2581317888 /home/seb/01_Project/07_Aggron/02_Search/01_Raspberry/02_Tools/tools/arm-bcm2708/gcc-linaro-arm-linux-gnueabihf-raspbian-x64/bin/../arm-linux-gnueabihf/libc/usr/lib/arm-linux-gnueabihf/crt1.o /home/seb/01_Project/07_Aggron/02_Search/01_Raspberry/02_Tools/tools/arm-bcm2708/gcc-linaro-arm-linux-gnueabihf-raspbian-x64/bin/../arm-linux-gnueabihf/libc/usr/lib/arm-linux-gnueabihf/crti.o /home/seb/01_Project/07_Aggron/02_Search/01_Raspberry/02_Tools/tools/arm-bcm2708/gcc-linaro-arm-linux-gnueabihf-raspbian-x64/bin/../lib/gcc/arm-linux-gnueabihf/4.8.3/crtbegin.o -L/home/seb/01_Project/07_Aggron/02_Search/01_Raspberry/02_Tools/tools/arm-bcm2708/gcc-linaro-arm-linux-gnueabihf-raspbian-x64/bin/../lib/gcc/arm-linux-gnueabihf/4.8.3 -L/home/seb/01_Project/07_Aggron/02_Search/01_Raspberry/02_Tools/tools/arm-bcm2708/gcc-linaro-arm-linux-gnueabihf-raspbian-x64/bin/../lib/gcc/arm-linux-gnueabihf -L/home/seb/01_Project/07_Aggron/02_Search/01_Raspberry/02_Tools/tools/arm-bcm2708/gcc-linaro-arm-linux-gnueabihf-raspbian-x64/bin/../lib/gcc -L/home/seb/01_Project/07_Aggron/02_Search/01_Raspberry/02_Tools/tools/arm-bcm2708/gcc-linaro-arm-linux-gnueabihf-raspbian-x64/bin/../lib/gcc/arm-linux-gnueabihf -L/home/seb/01_Project/07_Aggron/02_Search/01_Raspberry/02_Tools/tools/arm-bcm2708/gcc-linaro-arm-linux-gnueabihf-raspbian-x64/bin/../lib/gcc/arm-linux-gnueabihf/4.8.3/../../../../arm-linux-gnueabihf/lib -L/home/seb/01_Project/07_Aggron/02_Search/01_Raspberry/02_Tools/tools/arm-bcm2708/gcc-linaro-arm-linux-gnueabihf-raspbian-x64/bin/../arm-linux-gnueabihf/libc/lib/arm-linux-gnueabihf -L/home/seb/01_Project/07_Aggron/02_Search/01_Raspberry/02_Tools/tools/arm-bcm2708/gcc-linaro-arm-linux-gnueabihf-raspbian-x64/bin/../arm-linux-gnueabihf/libc/lib -L/home/seb/01_Project/07_Aggron/02_Search/01_Raspberry/02_Tools/tools/arm-bcm2708/gcc-linaro-arm-linux-gnueabihf-raspbian-x64/bin/../arm-linux-gnueabihf/libc/lib/arm-linux-gnueabihf -L/home/seb/01_Project/07_Aggron/02_Search/01_Raspberry/02_Tools/tools/arm-bcm2708/gcc-linaro-arm-linux-gnueabihf-raspbian-x64/bin/../arm-linux-gnueabihf/libc/usr/lib/arm-linux-gnueabihf -L/home/seb/01_Project/07_Aggron/02_Search/01_Raspberry/02_Tools/tools/arm-bcm2708/gcc-linaro-arm-linux-gnueabihf-raspbian-x64/bin/../arm-linux-gnueabihf/libc/usr/lib -L/home/seb/01_Project/07_Aggron/02_Search/01_Raspberry/02_Tools/tools/arm-bcm2708/gcc-linaro-arm-linux-gnueabihf-raspbian-x64/bin/../arm-linux-gnueabihf/libc/usr/lib/arm-linux-gnueabihf CMakeFiles/cmTryCompileExec2581317888.dir/CMakeCCompilerABI.c.o -lgcc --as-needed -lgcc_s --no-as-needed -lc -lgcc --as-needed -lgcc_s --no-as-needed /home/seb/01_Project/07_Aggron/02_Search/01_Raspberry/02_Tools/tools/arm-bcm2708/gcc-linaro-arm-linux-gnueabihf-raspbian-x64/bin/../lib/gcc/arm-linux-gnueabihf/4.8.3/crtend.o /home/seb/01_Project/07_Aggron/02_Search/01_Raspberry/02_Tools/tools/arm-bcm2708/gcc-linaro-arm-linux-gnueabihf-raspbian-x64/bin/../arm-linux-gnueabihf/libc/usr/lib/arm-linux-gnueabihf/crtn.o]
    arg [/home/seb/01_Project/07_Aggron/02_Search/01_Raspberry/02_Tools/tools/arm-bcm2708/gcc-linaro-arm-linux-gnueabihf-raspbian-x64/bin/../libexec/gcc/arm-linux-gnueabihf/4.8.3/collect2] ==> ignore
    arg [--sysroot=/home/seb/01_Project/07_Aggron/02_Search/01_Raspberry/02_Tools/tools/arm-bcm2708/gcc-linaro-arm-linux-gnueabihf-raspbian-x64/bin/../arm-linux-gnueabihf/libc] ==> ignore
    arg [--build-id] ==> ignore
    arg [--eh-frame-hdr] ==> ignore
    arg [-export-dynamic] ==> ignore
    arg [-dynamic-linker] ==> ignore
    arg [/lib/ld-linux-armhf.so.3] ==> ignore
    arg [-X] ==> ignore
    arg [-m] ==> ignore
    arg [armelf_linux_eabi] ==> ignore
    arg [-o] ==> ignore
    arg [cmTryCompileExec2581317888] ==> ignore
    arg [/home/seb/01_Project/07_Aggron/02_Search/01_Raspberry/02_Tools/tools/arm-bcm2708/gcc-linaro-arm-linux-gnueabihf-raspbian-x64/bin/../arm-linux-gnueabihf/libc/usr/lib/arm-linux-gnueabihf/crt1.o] ==> ignore
    arg [/home/seb/01_Project/07_Aggron/02_Search/01_Raspberry/02_Tools/tools/arm-bcm2708/gcc-linaro-arm-linux-gnueabihf-raspbian-x64/bin/../arm-linux-gnueabihf/libc/usr/lib/arm-linux-gnueabihf/crti.o] ==> ignore
    arg [/home/seb/01_Project/07_Aggron/02_Search/01_Raspberry/02_Tools/tools/arm-bcm2708/gcc-linaro-arm-linux-gnueabihf-raspbian-x64/bin/../lib/gcc/arm-linux-gnueabihf/4.8.3/crtbegin.o] ==> ignore
    arg [-L/home/seb/01_Project/07_Aggron/02_Search/01_Raspberry/02_Tools/tools/arm-bcm2708/gcc-linaro-arm-linux-gnueabihf-raspbian-x64/bin/../lib/gcc/arm-linux-gnueabihf/4.8.3] ==> dir [/home/seb/01_Project/07_Aggron/02_Search/01_Raspberry/02_Tools/tools/arm-bcm2708/gcc-linaro-arm-linux-gnueabihf-raspbian-x64/bin/../lib/gcc/arm-linux-gnueabihf/4.8.3]
    arg [-L/home/seb/01_Project/07_Aggron/02_Search/01_Raspberry/02_Tools/tools/arm-bcm2708/gcc-linaro-arm-linux-gnueabihf-raspbian-x64/bin/../lib/gcc/arm-linux-gnueabihf] ==> dir [/home/seb/01_Project/07_Aggron/02_Search/01_Raspberry/02_Tools/tools/arm-bcm2708/gcc-linaro-arm-linux-gnueabihf-raspbian-x64/bin/../lib/gcc/arm-linux-gnueabihf]
    arg [-L/home/seb/01_Project/07_Aggron/02_Search/01_Raspberry/02_Tools/tools/arm-bcm2708/gcc-linaro-arm-linux-gnueabihf-raspbian-x64/bin/../lib/gcc] ==> dir [/home/seb/01_Project/07_Aggron/02_Search/01_Raspberry/02_Tools/tools/arm-bcm2708/gcc-linaro-arm-linux-gnueabihf-raspbian-x64/bin/../lib/gcc]
    arg [-L/home/seb/01_Project/07_Aggron/02_Search/01_Raspberry/02_Tools/tools/arm-bcm2708/gcc-linaro-arm-linux-gnueabihf-raspbian-x64/bin/../lib/gcc/arm-linux-gnueabihf] ==> dir [/home/seb/01_Project/07_Aggron/02_Search/01_Raspberry/02_Tools/tools/arm-bcm2708/gcc-linaro-arm-linux-gnueabihf-raspbian-x64/bin/../lib/gcc/arm-linux-gnueabihf]
    arg [-L/home/seb/01_Project/07_Aggron/02_Search/01_Raspberry/02_Tools/tools/arm-bcm2708/gcc-linaro-arm-linux-gnueabihf-raspbian-x64/bin/../lib/gcc/arm-linux-gnueabihf/4.8.3/../../../../arm-linux-gnueabihf/lib] ==> dir [/home/seb/01_Project/07_Aggron/02_Search/01_Raspberry/02_Tools/tools/arm-bcm2708/gcc-linaro-arm-linux-gnueabihf-raspbian-x64/bin/../lib/gcc/arm-linux-gnueabihf/4.8.3/../../../../arm-linux-gnueabihf/lib]
    arg [-L/home/seb/01_Project/07_Aggron/02_Search/01_Raspberry/02_Tools/tools/arm-bcm2708/gcc-linaro-arm-linux-gnueabihf-raspbian-x64/bin/../arm-linux-gnueabihf/libc/lib/arm-linux-gnueabihf] ==> dir [/home/seb/01_Project/07_Aggron/02_Search/01_Raspberry/02_Tools/tools/arm-bcm2708/gcc-linaro-arm-linux-gnueabihf-raspbian-x64/bin/../arm-linux-gnueabihf/libc/lib/arm-linux-gnueabihf]
    arg [-L/home/seb/01_Project/07_Aggron/02_Search/01_Raspberry/02_Tools/tools/arm-bcm2708/gcc-linaro-arm-linux-gnueabihf-raspbian-x64/bin/../arm-linux-gnueabihf/libc/lib] ==> dir [/home/seb/01_Project/07_Aggron/02_Search/01_Raspberry/02_Tools/tools/arm-bcm2708/gcc-linaro-arm-linux-gnueabihf-raspbian-x64/bin/../arm-linux-gnueabihf/libc/lib]
    arg [-L/home/seb/01_Project/07_Aggron/02_Search/01_Raspberry/02_Tools/tools/arm-bcm2708/gcc-linaro-arm-linux-gnueabihf-raspbian-x64/bin/../arm-linux-gnueabihf/libc/lib/arm-linux-gnueabihf] ==> dir [/home/seb/01_Project/07_Aggron/02_Search/01_Raspberry/02_Tools/tools/arm-bcm2708/gcc-linaro-arm-linux-gnueabihf-raspbian-x64/bin/../arm-linux-gnueabihf/libc/lib/arm-linux-gnueabihf]
    arg [-L/home/seb/01_Project/07_Aggron/02_Search/01_Raspberry/02_Tools/tools/arm-bcm2708/gcc-linaro-arm-linux-gnueabihf-raspbian-x64/bin/../arm-linux-gnueabihf/libc/usr/lib/arm-linux-gnueabihf] ==> dir [/home/seb/01_Project/07_Aggron/02_Search/01_Raspberry/02_Tools/tools/arm-bcm2708/gcc-linaro-arm-linux-gnueabihf-raspbian-x64/bin/../arm-linux-gnueabihf/libc/usr/lib/arm-linux-gnueabihf]
    arg [-L/home/seb/01_Project/07_Aggron/02_Search/01_Raspberry/02_Tools/tools/arm-bcm2708/gcc-linaro-arm-linux-gnueabihf-raspbian-x64/bin/../arm-linux-gnueabihf/libc/usr/lib] ==> dir [/home/seb/01_Project/07_Aggron/02_Search/01_Raspberry/02_Tools/tools/arm-bcm2708/gcc-linaro-arm-linux-gnueabihf-raspbian-x64/bin/../arm-linux-gnueabihf/libc/usr/lib]
    arg [-L/home/seb/01_Project/07_Aggron/02_Search/01_Raspberry/02_Tools/tools/arm-bcm2708/gcc-linaro-arm-linux-gnueabihf-raspbian-x64/bin/../arm-linux-gnueabihf/libc/usr/lib/arm-linux-gnueabihf] ==> dir [/home/seb/01_Project/07_Aggron/02_Search/01_Raspberry/02_Tools/tools/arm-bcm2708/gcc-linaro-arm-linux-gnueabihf-raspbian-x64/bin/../arm-linux-gnueabihf/libc/usr/lib/arm-linux-gnueabihf]
    arg [CMakeFiles/cmTryCompileExec2581317888.dir/CMakeCCompilerABI.c.o] ==> ignore
    arg [-lgcc] ==> lib [gcc]
    arg [--as-needed] ==> ignore
    arg [-lgcc_s] ==> lib [gcc_s]
    arg [--no-as-needed] ==> ignore
    arg [-lc] ==> lib [c]
    arg [-lgcc] ==> lib [gcc]
    arg [--as-needed] ==> ignore
    arg [-lgcc_s] ==> lib [gcc_s]
    arg [--no-as-needed] ==> ignore
    arg [/home/seb/01_Project/07_Aggron/02_Search/01_Raspberry/02_Tools/tools/arm-bcm2708/gcc-linaro-arm-linux-gnueabihf-raspbian-x64/bin/../lib/gcc/arm-linux-gnueabihf/4.8.3/crtend.o] ==> ignore
    arg [/home/seb/01_Project/07_Aggron/02_Search/01_Raspberry/02_Tools/tools/arm-bcm2708/gcc-linaro-arm-linux-gnueabihf-raspbian-x64/bin/../arm-linux-gnueabihf/libc/usr/lib/arm-linux-gnueabihf/crtn.o] ==> ignore
  remove lib [gcc]
  remove lib [gcc_s]
  remove lib [gcc]
  remove lib [gcc_s]
  collapse library dir [/home/seb/01_Project/07_Aggron/02_Search/01_Raspberry/02_Tools/tools/arm-bcm2708/gcc-linaro-arm-linux-gnueabihf-raspbian-x64/bin/../lib/gcc/arm-linux-gnueabihf/4.8.3] ==> [/home/seb/01_Project/07_Aggron/02_Search/01_Raspberry/02_Tools/tools/arm-bcm2708/gcc-linaro-arm-linux-gnueabihf-raspbian-x64/lib/gcc/arm-linux-gnueabihf/4.8.3]
  collapse library dir [/home/seb/01_Project/07_Aggron/02_Search/01_Raspberry/02_Tools/tools/arm-bcm2708/gcc-linaro-arm-linux-gnueabihf-raspbian-x64/bin/../lib/gcc/arm-linux-gnueabihf] ==> [/home/seb/01_Project/07_Aggron/02_Search/01_Raspberry/02_Tools/tools/arm-bcm2708/gcc-linaro-arm-linux-gnueabihf-raspbian-x64/lib/gcc/arm-linux-gnueabihf]
  collapse library dir [/home/seb/01_Project/07_Aggron/02_Search/01_Raspberry/02_Tools/tools/arm-bcm2708/gcc-linaro-arm-linux-gnueabihf-raspbian-x64/bin/../lib/gcc] ==> [/home/seb/01_Project/07_Aggron/02_Search/01_Raspberry/02_Tools/tools/arm-bcm2708/gcc-linaro-arm-linux-gnueabihf-raspbian-x64/lib/gcc]
  collapse library dir [/home/seb/01_Project/07_Aggron/02_Search/01_Raspberry/02_Tools/tools/arm-bcm2708/gcc-linaro-arm-linux-gnueabihf-raspbian-x64/bin/../lib/gcc/arm-linux-gnueabihf] ==> [/home/seb/01_Project/07_Aggron/02_Search/01_Raspberry/02_Tools/tools/arm-bcm2708/gcc-linaro-arm-linux-gnueabihf-raspbian-x64/lib/gcc/arm-linux-gnueabihf]
  collapse library dir [/home/seb/01_Project/07_Aggron/02_Search/01_Raspberry/02_Tools/tools/arm-bcm2708/gcc-linaro-arm-linux-gnueabihf-raspbian-x64/bin/../lib/gcc/arm-linux-gnueabihf/4.8.3/../../../../arm-linux-gnueabihf/lib] ==> [/home/seb/01_Project/07_Aggron/02_Search/01_Raspberry/02_Tools/tools/arm-bcm2708/gcc-linaro-arm-linux-gnueabihf-raspbian-x64/arm-linux-gnueabihf/lib]
  collapse library dir [/home/seb/01_Project/07_Aggron/02_Search/01_Raspberry/02_Tools/tools/arm-bcm2708/gcc-linaro-arm-linux-gnueabihf-raspbian-x64/bin/../arm-linux-gnueabihf/libc/lib/arm-linux-gnueabihf] ==> [/home/seb/01_Project/07_Aggron/02_Search/01_Raspberry/02_Tools/tools/arm-bcm2708/gcc-linaro-arm-linux-gnueabihf-raspbian-x64/arm-linux-gnueabihf/libc/lib/arm-linux-gnueabihf]
  collapse library dir [/home/seb/01_Project/07_Aggron/02_Search/01_Raspberry/02_Tools/tools/arm-bcm2708/gcc-linaro-arm-linux-gnueabihf-raspbian-x64/bin/../arm-linux-gnueabihf/libc/lib] ==> [/home/seb/01_Project/07_Aggron/02_Search/01_Raspberry/02_Tools/tools/arm-bcm2708/gcc-linaro-arm-linux-gnueabihf-raspbian-x64/arm-linux-gnueabihf/libc/lib]
  collapse library dir [/home/seb/01_Project/07_Aggron/02_Search/01_Raspberry/02_Tools/tools/arm-bcm2708/gcc-linaro-arm-linux-gnueabihf-raspbian-x64/bin/../arm-linux-gnueabihf/libc/lib/arm-linux-gnueabihf] ==> [/home/seb/01_Project/07_Aggron/02_Search/01_Raspberry/02_Tools/tools/arm-bcm2708/gcc-linaro-arm-linux-gnueabihf-raspbian-x64/arm-linux-gnueabihf/libc/lib/arm-linux-gnueabihf]
  collapse library dir [/home/seb/01_Project/07_Aggron/02_Search/01_Raspberry/02_Tools/tools/arm-bcm2708/gcc-linaro-arm-linux-gnueabihf-raspbian-x64/bin/../arm-linux-gnueabihf/libc/usr/lib/arm-linux-gnueabihf] ==> [/home/seb/01_Project/07_Aggron/02_Search/01_Raspberry/02_Tools/tools/arm-bcm2708/gcc-linaro-arm-linux-gnueabihf-raspbian-x64/arm-linux-gnueabihf/libc/usr/lib/arm-linux-gnueabihf]
  collapse library dir [/home/seb/01_Project/07_Aggron/02_Search/01_Raspberry/02_Tools/tools/arm-bcm2708/gcc-linaro-arm-linux-gnueabihf-raspbian-x64/bin/../arm-linux-gnueabihf/libc/usr/lib] ==> [/home/seb/01_Project/07_Aggron/02_Search/01_Raspberry/02_Tools/tools/arm-bcm2708/gcc-linaro-arm-linux-gnueabihf-raspbian-x64/arm-linux-gnueabihf/libc/usr/lib]
  collapse library dir [/home/seb/01_Project/07_Aggron/02_Search/01_Raspberry/02_Tools/tools/arm-bcm2708/gcc-linaro-arm-linux-gnueabihf-raspbian-x64/bin/../arm-linux-gnueabihf/libc/usr/lib/arm-linux-gnueabihf] ==> [/home/seb/01_Project/07_Aggron/02_Search/01_Raspberry/02_Tools/tools/arm-bcm2708/gcc-linaro-arm-linux-gnueabihf-raspbian-x64/arm-linux-gnueabihf/libc/usr/lib/arm-linux-gnueabihf]
  implicit libs: [c]
  implicit dirs: [/home/seb/01_Project/07_Aggron/02_Search/01_Raspberry/02_Tools/tools/arm-bcm2708/gcc-linaro-arm-linux-gnueabihf-raspbian-x64/lib/gcc/arm-linux-gnueabihf/4.8.3;/home/seb/01_Project/07_Aggron/02_Search/01_Raspberry/02_Tools/tools/arm-bcm2708/gcc-linaro-arm-linux-gnueabihf-raspbian-x64/lib/gcc/arm-linux-gnueabihf;/home/seb/01_Project/07_Aggron/02_Search/01_Raspberry/02_Tools/tools/arm-bcm2708/gcc-linaro-arm-linux-gnueabihf-raspbian-x64/lib/gcc;/home/seb/01_Project/07_Aggron/02_Search/01_Raspberry/02_Tools/tools/arm-bcm2708/gcc-linaro-arm-linux-gnueabihf-raspbian-x64/arm-linux-gnueabihf/lib;/home/seb/01_Project/07_Aggron/02_Search/01_Raspberry/02_Tools/tools/arm-bcm2708/gcc-linaro-arm-linux-gnueabihf-raspbian-x64/arm-linux-gnueabihf/libc/lib/arm-linux-gnueabihf;/home/seb/01_Project/07_Aggron/02_Search/01_Raspberry/02_Tools/tools/arm-bcm2708/gcc-linaro-arm-linux-gnueabihf-raspbian-x64/arm-linux-gnueabihf/libc/lib;/home/seb/01_Project/07_Aggron/02_Search/01_Raspberry/02_Tools/tools/arm-bcm2708/gcc-linaro-arm-linux-gnueabihf-raspbian-x64/arm-linux-gnueabihf/libc/usr/lib/arm-linux-gnueabihf;/home/seb/01_Project/07_Aggron/02_Search/01_Raspberry/02_Tools/tools/arm-bcm2708/gcc-linaro-arm-linux-gnueabihf-raspbian-x64/arm-linux-gnueabihf/libc/usr/lib]
  implicit fwks: []


Determining if the CXX compiler works passed with the following output:
Change Dir: /home/seb/01_Project/07_Aggron/01_Aggron/02_Code/01_HighLevel/Service_Lidar/build/CMakeFiles/CMakeTmp

Run Build Command:/usr/bin/make "cmTryCompileExec3428225039/fast"
make[1]: entrant dans le répertoire « /home/seb/01_Project/07_Aggron/01_Aggron/02_Code/01_HighLevel/Service_Lidar/build/CMakeFiles/CMakeTmp »
/usr/bin/make -f CMakeFiles/cmTryCompileExec3428225039.dir/build.make CMakeFiles/cmTryCompileExec3428225039.dir/build
make[2]: entrant dans le répertoire « /home/seb/01_Project/07_Aggron/01_Aggron/02_Code/01_HighLevel/Service_Lidar/build/CMakeFiles/CMakeTmp »
/usr/bin/cmake -E cmake_progress_report /home/seb/01_Project/07_Aggron/01_Aggron/02_Code/01_HighLevel/Service_Lidar/build/CMakeFiles/CMakeTmp/CMakeFiles 1
Building CXX object CMakeFiles/cmTryCompileExec3428225039.dir/testCXXCompiler.cxx.o
/home/seb/01_Project/07_Aggron/02_Search/01_Raspberry/02_Tools/tools/arm-bcm2708/gcc-linaro-arm-linux-gnueabihf-raspbian-x64/bin/arm-linux-gnueabihf-c++     -o CMakeFiles/cmTryCompileExec3428225039.dir/testCXXCompiler.cxx.o -c /home/seb/01_Project/07_Aggron/01_Aggron/02_Code/01_HighLevel/Service_Lidar/build/CMakeFiles/CMakeTmp/testCXXCompiler.cxx
Linking CXX executable cmTryCompileExec3428225039
/usr/bin/cmake -E cmake_link_script CMakeFiles/cmTryCompileExec3428225039.dir/link.txt --verbose=1
/home/seb/01_Project/07_Aggron/02_Search/01_Raspberry/02_Tools/tools/arm-bcm2708/gcc-linaro-arm-linux-gnueabihf-raspbian-x64/bin/arm-linux-gnueabihf-c++        CMakeFiles/cmTryCompileExec3428225039.dir/testCXXCompiler.cxx.o  -o cmTryCompileExec3428225039 -rdynamic 
make[2]: quittant le répertoire « /home/seb/01_Project/07_Aggron/01_Aggron/02_Code/01_HighLevel/Service_Lidar/build/CMakeFiles/CMakeTmp »
make[1]: quittant le répertoire « /home/seb/01_Project/07_Aggron/01_Aggron/02_Code/01_HighLevel/Service_Lidar/build/CMakeFiles/CMakeTmp »


Detecting CXX compiler ABI info compiled with the following output:
Change Dir: /home/seb/01_Project/07_Aggron/01_Aggron/02_Code/01_HighLevel/Service_Lidar/build/CMakeFiles/CMakeTmp

Run Build Command:/usr/bin/make "cmTryCompileExec4030762639/fast"
make[1]: entrant dans le répertoire « /home/seb/01_Project/07_Aggron/01_Aggron/02_Code/01_HighLevel/Service_Lidar/build/CMakeFiles/CMakeTmp »
/usr/bin/make -f CMakeFiles/cmTryCompileExec4030762639.dir/build.make CMakeFiles/cmTryCompileExec4030762639.dir/build
make[2]: entrant dans le répertoire « /home/seb/01_Project/07_Aggron/01_Aggron/02_Code/01_HighLevel/Service_Lidar/build/CMakeFiles/CMakeTmp »
/usr/bin/cmake -E cmake_progress_report /home/seb/01_Project/07_Aggron/01_Aggron/02_Code/01_HighLevel/Service_Lidar/build/CMakeFiles/CMakeTmp/CMakeFiles 1
Building CXX object CMakeFiles/cmTryCompileExec4030762639.dir/CMakeCXXCompilerABI.cpp.o
/home/seb/01_Project/07_Aggron/02_Search/01_Raspberry/02_Tools/tools/arm-bcm2708/gcc-linaro-arm-linux-gnueabihf-raspbian-x64/bin/arm-linux-gnueabihf-c++     -o CMakeFiles/cmTryCompileExec4030762639.dir/CMakeCXXCompilerABI.cpp.o -c /usr/share/cmake-2.8/Modules/CMakeCXXCompilerABI.cpp
Linking CXX executable cmTryCompileExec4030762639
/usr/bin/cmake -E cmake_link_script CMakeFiles/cmTryCompileExec4030762639.dir/link.txt --verbose=1
/home/seb/01_Project/07_Aggron/02_Search/01_Raspberry/02_Tools/tools/arm-bcm2708/gcc-linaro-arm-linux-gnueabihf-raspbian-x64/bin/arm-linux-gnueabihf-c++      -v CMakeFiles/cmTryCompileExec4030762639.dir/CMakeCXXCompilerABI.cpp.o  -o cmTryCompileExec4030762639 -rdynamic  
Using built-in specs.
COLLECT_GCC=/home/seb/01_Project/07_Aggron/02_Search/01_Raspberry/02_Tools/tools/arm-bcm2708/gcc-linaro-arm-linux-gnueabihf-raspbian-x64/bin/arm-linux-gnueabihf-c++
COLLECT_LTO_WRAPPER=/home/seb/01_Project/07_Aggron/02_Search/01_Raspberry/02_Tools/tools/arm-bcm2708/gcc-linaro-arm-linux-gnueabihf-raspbian-x64/bin/../libexec/gcc/arm-linux-gnueabihf/4.8.3/lto-wrapper
Target: arm-linux-gnueabihf
Configured with: /home/zhehe01/work/bzr/pi-build/builds/arm-linux-gnueabihf-raspbian-linux/.build/src/gcc-linaro-4.8-2014.03/configure --build=x86_64-build_unknown-linux-gnu --host=x86_64-build_unknown-linux-gnu --target=arm-linux-gnueabihf --prefix=/home/zhehe01/work/bzr/pi-build/builds/arm-linux-gnueabihf-raspbian-linux/install --with-sysroot=/home/zhehe01/work/bzr/pi-build/builds/arm-linux-gnueabihf-raspbian-linux/install/arm-linux-gnueabihf/libc --enable-languages=c,c++,fortran --disable-multilib --enable-multiarch --with-arch=armv6 --with-tune=arm1176jz-s --with-fpu=vfp --with-float=hard --with-pkgversion='crosstool-NG linaro-1.13.1+bzr2650 - Linaro GCC 2014.03' --with-bugurl=https://bugs.launchpad.net/gcc-linaro --enable-__cxa_atexit --enable-libmudflap --enable-libgomp --enable-libssp --with-gmp=/home/zhehe01/work/bzr/pi-build/builds/arm-linux-gnueabihf-raspbian-linux/.build/arm-linux-gnueabihf/build/static --with-mpfr=/home/zhehe01/work/bzr/pi-build/builds/arm-linux-gnueabihf-raspbian-linux/.build/arm-linux-gnueabihf/build/static --with-mpc=/home/zhehe01/work/bzr/pi-build/builds/arm-linux-gnueabihf-raspbian-linux/.build/arm-linux-gnueabihf/build/static --with-isl=/home/zhehe01/work/bzr/pi-build/builds/arm-linux-gnueabihf-raspbian-linux/.build/arm-linux-gnueabihf/build/static --with-cloog=/home/zhehe01/work/bzr/pi-build/builds/arm-linux-gnueabihf-raspbian-linux/.build/arm-linux-gnueabihf/build/static --with-libelf=/home/zhehe01/work/bzr/pi-build/builds/arm-linux-gnueabihf-raspbian-linux/.build/arm-linux-gnueabihf/build/static --enable-threads=posix --disable-libstdcxx-pch --enable-linker-build-id --enable-plugin --enable-gold --with-local-prefix=/home/zhehe01/work/bzr/pi-build/builds/arm-linux-gnueabihf-raspbian-linux/install/arm-linux-gnueabihf/libc --enable-c99 --enable-long-long --with-float=hard
Thread model: posix
gcc version 4.8.3 20140303 (prerelease) (crosstool-NG linaro-1.13.1+bzr2650 - Linaro GCC 2014.03) 
COMPILER_PATH=/home/seb/01_Project/07_Aggron/02_Search/01_Raspberry/02_Tools/tools/arm-bcm2708/gcc-linaro-arm-linux-gnueabihf-raspbian-x64/bin/../libexec/gcc/arm-linux-gnueabihf/4.8.3/:/home/seb/01_Project/07_Aggron/02_Search/01_Raspberry/02_Tools/tools/arm-bcm2708/gcc-linaro-arm-linux-gnueabihf-raspbian-x64/bin/../libexec/gcc/arm-linux-gnueabihf/:/home/seb/01_Project/07_Aggron/02_Search/01_Raspberry/02_Tools/tools/arm-bcm2708/gcc-linaro-arm-linux-gnueabihf-raspbian-x64/bin/../libexec/gcc/:/home/seb/01_Project/07_Aggron/02_Search/01_Raspberry/02_Tools/tools/arm-bcm2708/gcc-linaro-arm-linux-gnueabihf-raspbian-x64/bin/../libexec/gcc/arm-linux-gnueabihf/:/home/seb/01_Project/07_Aggron/02_Search/01_Raspberry/02_Tools/tools/arm-bcm2708/gcc-linaro-arm-linux-gnueabihf-raspbian-x64/bin/../lib/gcc/arm-linux-gnueabihf/4.8.3/../../../../arm-linux-gnueabihf/bin/
LIBRARY_PATH=/home/seb/01_Project/07_Aggron/02_Search/01_Raspberry/02_Tools/tools/arm-bcm2708/gcc-linaro-arm-linux-gnueabihf-raspbian-x64/bin/../lib/gcc/arm-linux-gnueabihf/4.8.3/:/home/seb/01_Project/07_Aggron/02_Search/01_Raspberry/02_Tools/tools/arm-bcm2708/gcc-linaro-arm-linux-gnueabihf-raspbian-x64/bin/../lib/gcc/arm-linux-gnueabihf/:/home/seb/01_Project/07_Aggron/02_Search/01_Raspberry/02_Tools/tools/arm-bcm2708/gcc-linaro-arm-linux-gnueabihf-raspbian-x64/bin/../lib/gcc/:/home/seb/01_Project/07_Aggron/02_Search/01_Raspberry/02_Tools/tools/arm-bcm2708/gcc-linaro-arm-linux-gnueabihf-raspbian-x64/bin/../lib/gcc/arm-linux-gnueabihf/:/home/seb/01_Project/07_Aggron/02_Search/01_Raspberry/02_Tools/tools/arm-bcm2708/gcc-linaro-arm-linux-gnueabihf-raspbian-x64/bin/../lib/gcc/arm-linux-gnueabihf/4.8.3/../../../../arm-linux-gnueabihf/lib/:/home/seb/01_Project/07_Aggron/02_Search/01_Raspberry/02_Tools/tools/arm-bcm2708/gcc-linaro-arm-linux-gnueabihf-raspbian-x64/bin/../arm-linux-gnueabihf/libc/lib/arm-linux-gnueabihf/:/home/seb/01_Project/07_Aggron/02_Search/01_Raspberry/02_Tools/tools/arm-bcm2708/gcc-linaro-arm-linux-gnueabihf-raspbian-x64/bin/../arm-linux-gnueabihf/libc/lib/:/home/seb/01_Project/07_Aggron/02_Search/01_Raspberry/02_Tools/tools/arm-bcm2708/gcc-linaro-arm-linux-gnueabihf-raspbian-x64/bin/../arm-linux-gnueabihf/libc/lib/arm-linux-gnueabihf/:/home/seb/01_Project/07_Aggron/02_Search/01_Raspberry/02_Tools/tools/arm-bcm2708/gcc-linaro-arm-linux-gnueabihf-raspbian-x64/bin/../arm-linux-gnueabihf/libc/usr/lib/arm-linux-gnueabihf/:/home/seb/01_Project/07_Aggron/02_Search/01_Raspberry/02_Tools/tools/arm-bcm2708/gcc-linaro-arm-linux-gnueabihf-raspbian-x64/bin/../arm-linux-gnueabihf/libc/usr/lib/:/home/seb/01_Project/07_Aggron/02_Search/01_Raspberry/02_Tools/tools/arm-bcm2708/gcc-linaro-arm-linux-gnueabihf-raspbian-x64/bin/../arm-linux-gnueabihf/libc/usr/lib/arm-linux-gnueabihf/
COLLECT_GCC_OPTIONS='-v' '-o' 'cmTryCompileExec4030762639' '-rdynamic' '-shared-libgcc' '-march=armv6' '-mtune=arm1176jz-s' '-mfloat-abi=hard' '-mfpu=vfp' '-mtls-dialect=gnu'
 /home/seb/01_Project/07_Aggron/02_Search/01_Raspberry/02_Tools/tools/arm-bcm2708/gcc-linaro-arm-linux-gnueabihf-raspbian-x64/bin/../libexec/gcc/arm-linux-gnueabihf/4.8.3/collect2 --sysroot=/home/seb/01_Project/07_Aggron/02_Search/01_Raspberry/02_Tools/tools/arm-bcm2708/gcc-linaro-arm-linux-gnueabihf-raspbian-x64/bin/../arm-linux-gnueabihf/libc --build-id --eh-frame-hdr -export-dynamic -dynamic-linker /lib/ld-linux-armhf.so.3 -X -m armelf_linux_eabi -o cmTryCompileExec4030762639 /home/seb/01_Project/07_Aggron/02_Search/01_Raspberry/02_Tools/tools/arm-bcm2708/gcc-linaro-arm-linux-gnueabihf-raspbian-x64/bin/../arm-linux-gnueabihf/libc/usr/lib/arm-linux-gnueabihf/crt1.o /home/seb/01_Project/07_Aggron/02_Search/01_Raspberry/02_Tools/tools/arm-bcm2708/gcc-linaro-arm-linux-gnueabihf-raspbian-x64/bin/../arm-linux-gnueabihf/libc/usr/lib/arm-linux-gnueabihf/crti.o /home/seb/01_Project/07_Aggron/02_Search/01_Raspberry/02_Tools/tools/arm-bcm2708/gcc-linaro-arm-linux-gnueabihf-raspbian-x64/bin/../lib/gcc/arm-linux-gnueabihf/4.8.3/crtbegin.o -L/home/seb/01_Project/07_Aggron/02_Search/01_Raspberry/02_Tools/tools/arm-bcm2708/gcc-linaro-arm-linux-gnueabihf-raspbian-x64/bin/../lib/gcc/arm-linux-gnueabihf/4.8.3 -L/home/seb/01_Project/07_Aggron/02_Search/01_Raspberry/02_Tools/tools/arm-bcm2708/gcc-linaro-arm-linux-gnueabihf-raspbian-x64/bin/../lib/gcc/arm-linux-gnueabihf -L/home/seb/01_Project/07_Aggron/02_Search/01_Raspberry/02_Tools/tools/arm-bcm2708/gcc-linaro-arm-linux-gnueabihf-raspbian-x64/bin/../lib/gcc -L/home/seb/01_Project/07_Aggron/02_Search/01_Raspberry/02_Tools/tools/arm-bcm2708/gcc-linaro-arm-linux-gnueabihf-raspbian-x64/bin/../lib/gcc/arm-linux-gnueabihf -L/home/seb/01_Project/07_Aggron/02_Search/01_Raspberry/02_Tools/tools/arm-bcm2708/gcc-linaro-arm-linux-gnueabihf-raspbian-x64/bin/../lib/gcc/arm-linux-gnueabihf/4.8.3/../../../../arm-linux-gnueabihf/lib -L/home/seb/01_Project/07_Aggron/02_Search/01_Raspberry/02_Tools/tools/arm-bcm2708/gcc-linaro-arm-linux-gnueabihf-raspbian-x64/bin/../arm-linux-gnueabihf/libc/lib/arm-linux-gnueabihf -L/home/seb/01_Project/07_Aggron/02_Search/01_Raspberry/02_Tools/tools/arm-bcm2708/gcc-linaro-arm-linux-gnueabihf-raspbian-x64/bin/../arm-linux-gnueabihf/libc/lib -L/home/seb/01_Project/07_Aggron/02_Search/01_Raspberry/02_Tools/tools/arm-bcm2708/gcc-linaro-arm-linux-gnueabihf-raspbian-x64/bin/../arm-linux-gnueabihf/libc/lib/arm-linux-gnueabihf -L/home/seb/01_Project/07_Aggron/02_Search/01_Raspberry/02_Tools/tools/arm-bcm2708/gcc-linaro-arm-linux-gnueabihf-raspbian-x64/bin/../arm-linux-gnueabihf/libc/usr/lib/arm-linux-gnueabihf -L/home/seb/01_Project/07_Aggron/02_Search/01_Raspberry/02_Tools/tools/arm-bcm2708/gcc-linaro-arm-linux-gnueabihf-raspbian-x64/bin/../arm-linux-gnueabihf/libc/usr/lib -L/home/seb/01_Project/07_Aggron/02_Search/01_Raspberry/02_Tools/tools/arm-bcm2708/gcc-linaro-arm-linux-gnueabihf-raspbian-x64/bin/../arm-linux-gnueabihf/libc/usr/lib/arm-linux-gnueabihf CMakeFiles/cmTryCompileExec4030762639.dir/CMakeCXXCompilerABI.cpp.o -lstdc++ -lm -lgcc_s -lgcc -lc -lgcc_s -lgcc /home/seb/01_Project/07_Aggron/02_Search/01_Raspberry/02_Tools/tools/arm-bcm2708/gcc-linaro-arm-linux-gnueabihf-raspbian-x64/bin/../lib/gcc/arm-linux-gnueabihf/4.8.3/crtend.o /home/seb/01_Project/07_Aggron/02_Search/01_Raspberry/02_Tools/tools/arm-bcm2708/gcc-linaro-arm-linux-gnueabihf-raspbian-x64/bin/../arm-linux-gnueabihf/libc/usr/lib/arm-linux-gnueabihf/crtn.o
make[2]: quittant le répertoire « /home/seb/01_Project/07_Aggron/01_Aggron/02_Code/01_HighLevel/Service_Lidar/build/CMakeFiles/CMakeTmp »
make[1]: quittant le répertoire « /home/seb/01_Project/07_Aggron/01_Aggron/02_Code/01_HighLevel/Service_Lidar/build/CMakeFiles/CMakeTmp »


Parsed CXX implicit link information from above output:
  link line regex: [^( *|.*[/\])(ld|([^/\]+-)?ld|collect2)[^/\]*( |$)]
  ignore line: [Change Dir: /home/seb/01_Project/07_Aggron/01_Aggron/02_Code/01_HighLevel/Service_Lidar/build/CMakeFiles/CMakeTmp]
  ignore line: []
  ignore line: [Run Build Command:/usr/bin/make "cmTryCompileExec4030762639/fast"]
  ignore line: [make[1]: entrant dans le répertoire « /home/seb/01_Project/07_Aggron/01_Aggron/02_Code/01_HighLevel/Service_Lidar/build/CMakeFiles/CMakeTmp »]
  ignore line: [/usr/bin/make -f CMakeFiles/cmTryCompileExec4030762639.dir/build.make CMakeFiles/cmTryCompileExec4030762639.dir/build]
  ignore line: [make[2]: entrant dans le répertoire « /home/seb/01_Project/07_Aggron/01_Aggron/02_Code/01_HighLevel/Service_Lidar/build/CMakeFiles/CMakeTmp »]
  ignore line: [/usr/bin/cmake -E cmake_progress_report /home/seb/01_Project/07_Aggron/01_Aggron/02_Code/01_HighLevel/Service_Lidar/build/CMakeFiles/CMakeTmp/CMakeFiles 1]
  ignore line: [Building CXX object CMakeFiles/cmTryCompileExec4030762639.dir/CMakeCXXCompilerABI.cpp.o]
  ignore line: [/home/seb/01_Project/07_Aggron/02_Search/01_Raspberry/02_Tools/tools/arm-bcm2708/gcc-linaro-arm-linux-gnueabihf-raspbian-x64/bin/arm-linux-gnueabihf-c++     -o CMakeFiles/cmTryCompileExec4030762639.dir/CMakeCXXCompilerABI.cpp.o -c /usr/share/cmake-2.8/Modules/CMakeCXXCompilerABI.cpp]
  ignore line: [Linking CXX executable cmTryCompileExec4030762639]
  ignore line: [/usr/bin/cmake -E cmake_link_script CMakeFiles/cmTryCompileExec4030762639.dir/link.txt --verbose=1]
  ignore line: [/home/seb/01_Project/07_Aggron/02_Search/01_Raspberry/02_Tools/tools/arm-bcm2708/gcc-linaro-arm-linux-gnueabihf-raspbian-x64/bin/arm-linux-gnueabihf-c++      -v CMakeFiles/cmTryCompileExec4030762639.dir/CMakeCXXCompilerABI.cpp.o  -o cmTryCompileExec4030762639 -rdynamic  ]
  ignore line: [Using built-in specs.]
  ignore line: [COLLECT_GCC=/home/seb/01_Project/07_Aggron/02_Search/01_Raspberry/02_Tools/tools/arm-bcm2708/gcc-linaro-arm-linux-gnueabihf-raspbian-x64/bin/arm-linux-gnueabihf-c++]
  ignore line: [COLLECT_LTO_WRAPPER=/home/seb/01_Project/07_Aggron/02_Search/01_Raspberry/02_Tools/tools/arm-bcm2708/gcc-linaro-arm-linux-gnueabihf-raspbian-x64/bin/../libexec/gcc/arm-linux-gnueabihf/4.8.3/lto-wrapper]
  ignore line: [Target: arm-linux-gnueabihf]
  ignore line: [Configured with: /home/zhehe01/work/bzr/pi-build/builds/arm-linux-gnueabihf-raspbian-linux/.build/src/gcc-linaro-4.8-2014.03/configure --build=x86_64-build_unknown-linux-gnu --host=x86_64-build_unknown-linux-gnu --target=arm-linux-gnueabihf --prefix=/home/zhehe01/work/bzr/pi-build/builds/arm-linux-gnueabihf-raspbian-linux/install --with-sysroot=/home/zhehe01/work/bzr/pi-build/builds/arm-linux-gnueabihf-raspbian-linux/install/arm-linux-gnueabihf/libc --enable-languages=c,c++,fortran --disable-multilib --enable-multiarch --with-arch=armv6 --with-tune=arm1176jz-s --with-fpu=vfp --with-float=hard --with-pkgversion='crosstool-NG linaro-1.13.1+bzr2650 - Linaro GCC 2014.03' --with-bugurl=https://bugs.launchpad.net/gcc-linaro --enable-__cxa_atexit --enable-libmudflap --enable-libgomp --enable-libssp --with-gmp=/home/zhehe01/work/bzr/pi-build/builds/arm-linux-gnueabihf-raspbian-linux/.build/arm-linux-gnueabihf/build/static --with-mpfr=/home/zhehe01/work/bzr/pi-build/builds/arm-linux-gnueabihf-raspbian-linux/.build/arm-linux-gnueabihf/build/static --with-mpc=/home/zhehe01/work/bzr/pi-build/builds/arm-linux-gnueabihf-raspbian-linux/.build/arm-linux-gnueabihf/build/static --with-isl=/home/zhehe01/work/bzr/pi-build/builds/arm-linux-gnueabihf-raspbian-linux/.build/arm-linux-gnueabihf/build/static --with-cloog=/home/zhehe01/work/bzr/pi-build/builds/arm-linux-gnueabihf-raspbian-linux/.build/arm-linux-gnueabihf/build/static --with-libelf=/home/zhehe01/work/bzr/pi-build/builds/arm-linux-gnueabihf-raspbian-linux/.build/arm-linux-gnueabihf/build/static --enable-threads=posix --disable-libstdcxx-pch --enable-linker-build-id --enable-plugin --enable-gold --with-local-prefix=/home/zhehe01/work/bzr/pi-build/builds/arm-linux-gnueabihf-raspbian-linux/install/arm-linux-gnueabihf/libc --enable-c99 --enable-long-long --with-float=hard]
  ignore line: [Thread model: posix]
  ignore line: [gcc version 4.8.3 20140303 (prerelease) (crosstool-NG linaro-1.13.1+bzr2650 - Linaro GCC 2014.03) ]
  ignore line: [COMPILER_PATH=/home/seb/01_Project/07_Aggron/02_Search/01_Raspberry/02_Tools/tools/arm-bcm2708/gcc-linaro-arm-linux-gnueabihf-raspbian-x64/bin/../libexec/gcc/arm-linux-gnueabihf/4.8.3/:/home/seb/01_Project/07_Aggron/02_Search/01_Raspberry/02_Tools/tools/arm-bcm2708/gcc-linaro-arm-linux-gnueabihf-raspbian-x64/bin/../libexec/gcc/arm-linux-gnueabihf/:/home/seb/01_Project/07_Aggron/02_Search/01_Raspberry/02_Tools/tools/arm-bcm2708/gcc-linaro-arm-linux-gnueabihf-raspbian-x64/bin/../libexec/gcc/:/home/seb/01_Project/07_Aggron/02_Search/01_Raspberry/02_Tools/tools/arm-bcm2708/gcc-linaro-arm-linux-gnueabihf-raspbian-x64/bin/../libexec/gcc/arm-linux-gnueabihf/:/home/seb/01_Project/07_Aggron/02_Search/01_Raspberry/02_Tools/tools/arm-bcm2708/gcc-linaro-arm-linux-gnueabihf-raspbian-x64/bin/../lib/gcc/arm-linux-gnueabihf/4.8.3/../../../../arm-linux-gnueabihf/bin/]
  ignore line: [LIBRARY_PATH=/home/seb/01_Project/07_Aggron/02_Search/01_Raspberry/02_Tools/tools/arm-bcm2708/gcc-linaro-arm-linux-gnueabihf-raspbian-x64/bin/../lib/gcc/arm-linux-gnueabihf/4.8.3/:/home/seb/01_Project/07_Aggron/02_Search/01_Raspberry/02_Tools/tools/arm-bcm2708/gcc-linaro-arm-linux-gnueabihf-raspbian-x64/bin/../lib/gcc/arm-linux-gnueabihf/:/home/seb/01_Project/07_Aggron/02_Search/01_Raspberry/02_Tools/tools/arm-bcm2708/gcc-linaro-arm-linux-gnueabihf-raspbian-x64/bin/../lib/gcc/:/home/seb/01_Project/07_Aggron/02_Search/01_Raspberry/02_Tools/tools/arm-bcm2708/gcc-linaro-arm-linux-gnueabihf-raspbian-x64/bin/../lib/gcc/arm-linux-gnueabihf/:/home/seb/01_Project/07_Aggron/02_Search/01_Raspberry/02_Tools/tools/arm-bcm2708/gcc-linaro-arm-linux-gnueabihf-raspbian-x64/bin/../lib/gcc/arm-linux-gnueabihf/4.8.3/../../../../arm-linux-gnueabihf/lib/:/home/seb/01_Project/07_Aggron/02_Search/01_Raspberry/02_Tools/tools/arm-bcm2708/gcc-linaro-arm-linux-gnueabihf-raspbian-x64/bin/../arm-linux-gnueabihf/libc/lib/arm-linux-gnueabihf/:/home/seb/01_Project/07_Aggron/02_Search/01_Raspberry/02_Tools/tools/arm-bcm2708/gcc-linaro-arm-linux-gnueabihf-raspbian-x64/bin/../arm-linux-gnueabihf/libc/lib/:/home/seb/01_Project/07_Aggron/02_Search/01_Raspberry/02_Tools/tools/arm-bcm2708/gcc-linaro-arm-linux-gnueabihf-raspbian-x64/bin/../arm-linux-gnueabihf/libc/lib/arm-linux-gnueabihf/:/home/seb/01_Project/07_Aggron/02_Search/01_Raspberry/02_Tools/tools/arm-bcm2708/gcc-linaro-arm-linux-gnueabihf-raspbian-x64/bin/../arm-linux-gnueabihf/libc/usr/lib/arm-linux-gnueabihf/:/home/seb/01_Project/07_Aggron/02_Search/01_Raspberry/02_Tools/tools/arm-bcm2708/gcc-linaro-arm-linux-gnueabihf-raspbian-x64/bin/../arm-linux-gnueabihf/libc/usr/lib/:/home/seb/01_Project/07_Aggron/02_Search/01_Raspberry/02_Tools/tools/arm-bcm2708/gcc-linaro-arm-linux-gnueabihf-raspbian-x64/bin/../arm-linux-gnueabihf/libc/usr/lib/arm-linux-gnueabihf/]
  ignore line: [COLLECT_GCC_OPTIONS='-v' '-o' 'cmTryCompileExec4030762639' '-rdynamic' '-shared-libgcc' '-march=armv6' '-mtune=arm1176jz-s' '-mfloat-abi=hard' '-mfpu=vfp' '-mtls-dialect=gnu']
  link line: [ /home/seb/01_Project/07_Aggron/02_Search/01_Raspberry/02_Tools/tools/arm-bcm2708/gcc-linaro-arm-linux-gnueabihf-raspbian-x64/bin/../libexec/gcc/arm-linux-gnueabihf/4.8.3/collect2 --sysroot=/home/seb/01_Project/07_Aggron/02_Search/01_Raspberry/02_Tools/tools/arm-bcm2708/gcc-linaro-arm-linux-gnueabihf-raspbian-x64/bin/../arm-linux-gnueabihf/libc --build-id --eh-frame-hdr -export-dynamic -dynamic-linker /lib/ld-linux-armhf.so.3 -X -m armelf_linux_eabi -o cmTryCompileExec4030762639 /home/seb/01_Project/07_Aggron/02_Search/01_Raspberry/02_Tools/tools/arm-bcm2708/gcc-linaro-arm-linux-gnueabihf-raspbian-x64/bin/../arm-linux-gnueabihf/libc/usr/lib/arm-linux-gnueabihf/crt1.o /home/seb/01_Project/07_Aggron/02_Search/01_Raspberry/02_Tools/tools/arm-bcm2708/gcc-linaro-arm-linux-gnueabihf-raspbian-x64/bin/../arm-linux-gnueabihf/libc/usr/lib/arm-linux-gnueabihf/crti.o /home/seb/01_Project/07_Aggron/02_Search/01_Raspberry/02_Tools/tools/arm-bcm2708/gcc-linaro-arm-linux-gnueabihf-raspbian-x64/bin/../lib/gcc/arm-linux-gnueabihf/4.8.3/crtbegin.o -L/home/seb/01_Project/07_Aggron/02_Search/01_Raspberry/02_Tools/tools/arm-bcm2708/gcc-linaro-arm-linux-gnueabihf-raspbian-x64/bin/../lib/gcc/arm-linux-gnueabihf/4.8.3 -L/home/seb/01_Project/07_Aggron/02_Search/01_Raspberry/02_Tools/tools/arm-bcm2708/gcc-linaro-arm-linux-gnueabihf-raspbian-x64/bin/../lib/gcc/arm-linux-gnueabihf -L/home/seb/01_Project/07_Aggron/02_Search/01_Raspberry/02_Tools/tools/arm-bcm2708/gcc-linaro-arm-linux-gnueabihf-raspbian-x64/bin/../lib/gcc -L/home/seb/01_Project/07_Aggron/02_Search/01_Raspberry/02_Tools/tools/arm-bcm2708/gcc-linaro-arm-linux-gnueabihf-raspbian-x64/bin/../lib/gcc/arm-linux-gnueabihf -L/home/seb/01_Project/07_Aggron/02_Search/01_Raspberry/02_Tools/tools/arm-bcm2708/gcc-linaro-arm-linux-gnueabihf-raspbian-x64/bin/../lib/gcc/arm-linux-gnueabihf/4.8.3/../../../../arm-linux-gnueabihf/lib -L/home/seb/01_Project/07_Aggron/02_Search/01_Raspberry/02_Tools/tools/arm-bcm2708/gcc-linaro-arm-linux-gnueabihf-raspbian-x64/bin/../arm-linux-gnueabihf/libc/lib/arm-linux-gnueabihf -L/home/seb/01_Project/07_Aggron/02_Search/01_Raspberry/02_Tools/tools/arm-bcm2708/gcc-linaro-arm-linux-gnueabihf-raspbian-x64/bin/../arm-linux-gnueabihf/libc/lib -L/home/seb/01_Project/07_Aggron/02_Search/01_Raspberry/02_Tools/tools/arm-bcm2708/gcc-linaro-arm-linux-gnueabihf-raspbian-x64/bin/../arm-linux-gnueabihf/libc/lib/arm-linux-gnueabihf -L/home/seb/01_Project/07_Aggron/02_Search/01_Raspberry/02_Tools/tools/arm-bcm2708/gcc-linaro-arm-linux-gnueabihf-raspbian-x64/bin/../arm-linux-gnueabihf/libc/usr/lib/arm-linux-gnueabihf -L/home/seb/01_Project/07_Aggron/02_Search/01_Raspberry/02_Tools/tools/arm-bcm2708/gcc-linaro-arm-linux-gnueabihf-raspbian-x64/bin/../arm-linux-gnueabihf/libc/usr/lib -L/home/seb/01_Project/07_Aggron/02_Search/01_Raspberry/02_Tools/tools/arm-bcm2708/gcc-linaro-arm-linux-gnueabihf-raspbian-x64/bin/../arm-linux-gnueabihf/libc/usr/lib/arm-linux-gnueabihf CMakeFiles/cmTryCompileExec4030762639.dir/CMakeCXXCompilerABI.cpp.o -lstdc++ -lm -lgcc_s -lgcc -lc -lgcc_s -lgcc /home/seb/01_Project/07_Aggron/02_Search/01_Raspberry/02_Tools/tools/arm-bcm2708/gcc-linaro-arm-linux-gnueabihf-raspbian-x64/bin/../lib/gcc/arm-linux-gnueabihf/4.8.3/crtend.o /home/seb/01_Project/07_Aggron/02_Search/01_Raspberry/02_Tools/tools/arm-bcm2708/gcc-linaro-arm-linux-gnueabihf-raspbian-x64/bin/../arm-linux-gnueabihf/libc/usr/lib/arm-linux-gnueabihf/crtn.o]
    arg [/home/seb/01_Project/07_Aggron/02_Search/01_Raspberry/02_Tools/tools/arm-bcm2708/gcc-linaro-arm-linux-gnueabihf-raspbian-x64/bin/../libexec/gcc/arm-linux-gnueabihf/4.8.3/collect2] ==> ignore
    arg [--sysroot=/home/seb/01_Project/07_Aggron/02_Search/01_Raspberry/02_Tools/tools/arm-bcm2708/gcc-linaro-arm-linux-gnueabihf-raspbian-x64/bin/../arm-linux-gnueabihf/libc] ==> ignore
    arg [--build-id] ==> ignore
    arg [--eh-frame-hdr] ==> ignore
    arg [-export-dynamic] ==> ignore
    arg [-dynamic-linker] ==> ignore
    arg [/lib/ld-linux-armhf.so.3] ==> ignore
    arg [-X] ==> ignore
    arg [-m] ==> ignore
    arg [armelf_linux_eabi] ==> ignore
    arg [-o] ==> ignore
    arg [cmTryCompileExec4030762639] ==> ignore
    arg [/home/seb/01_Project/07_Aggron/02_Search/01_Raspberry/02_Tools/tools/arm-bcm2708/gcc-linaro-arm-linux-gnueabihf-raspbian-x64/bin/../arm-linux-gnueabihf/libc/usr/lib/arm-linux-gnueabihf/crt1.o] ==> ignore
    arg [/home/seb/01_Project/07_Aggron/02_Search/01_Raspberry/02_Tools/tools/arm-bcm2708/gcc-linaro-arm-linux-gnueabihf-raspbian-x64/bin/../arm-linux-gnueabihf/libc/usr/lib/arm-linux-gnueabihf/crti.o] ==> ignore
    arg [/home/seb/01_Project/07_Aggron/02_Search/01_Raspberry/02_Tools/tools/arm-bcm2708/gcc-linaro-arm-linux-gnueabihf-raspbian-x64/bin/../lib/gcc/arm-linux-gnueabihf/4.8.3/crtbegin.o] ==> ignore
    arg [-L/home/seb/01_Project/07_Aggron/02_Search/01_Raspberry/02_Tools/tools/arm-bcm2708/gcc-linaro-arm-linux-gnueabihf-raspbian-x64/bin/../lib/gcc/arm-linux-gnueabihf/4.8.3] ==> dir [/home/seb/01_Project/07_Aggron/02_Search/01_Raspberry/02_Tools/tools/arm-bcm2708/gcc-linaro-arm-linux-gnueabihf-raspbian-x64/bin/../lib/gcc/arm-linux-gnueabihf/4.8.3]
    arg [-L/home/seb/01_Project/07_Aggron/02_Search/01_Raspberry/02_Tools/tools/arm-bcm2708/gcc-linaro-arm-linux-gnueabihf-raspbian-x64/bin/../lib/gcc/arm-linux-gnueabihf] ==> dir [/home/seb/01_Project/07_Aggron/02_Search/01_Raspberry/02_Tools/tools/arm-bcm2708/gcc-linaro-arm-linux-gnueabihf-raspbian-x64/bin/../lib/gcc/arm-linux-gnueabihf]
    arg [-L/home/seb/01_Project/07_Aggron/02_Search/01_Raspberry/02_Tools/tools/arm-bcm2708/gcc-linaro-arm-linux-gnueabihf-raspbian-x64/bin/../lib/gcc] ==> dir [/home/seb/01_Project/07_Aggron/02_Search/01_Raspberry/02_Tools/tools/arm-bcm2708/gcc-linaro-arm-linux-gnueabihf-raspbian-x64/bin/../lib/gcc]
    arg [-L/home/seb/01_Project/07_Aggron/02_Search/01_Raspberry/02_Tools/tools/arm-bcm2708/gcc-linaro-arm-linux-gnueabihf-raspbian-x64/bin/../lib/gcc/arm-linux-gnueabihf] ==> dir [/home/seb/01_Project/07_Aggron/02_Search/01_Raspberry/02_Tools/tools/arm-bcm2708/gcc-linaro-arm-linux-gnueabihf-raspbian-x64/bin/../lib/gcc/arm-linux-gnueabihf]
    arg [-L/home/seb/01_Project/07_Aggron/02_Search/01_Raspberry/02_Tools/tools/arm-bcm2708/gcc-linaro-arm-linux-gnueabihf-raspbian-x64/bin/../lib/gcc/arm-linux-gnueabihf/4.8.3/../../../../arm-linux-gnueabihf/lib] ==> dir [/home/seb/01_Project/07_Aggron/02_Search/01_Raspberry/02_Tools/tools/arm-bcm2708/gcc-linaro-arm-linux-gnueabihf-raspbian-x64/bin/../lib/gcc/arm-linux-gnueabihf/4.8.3/../../../../arm-linux-gnueabihf/lib]
    arg [-L/home/seb/01_Project/07_Aggron/02_Search/01_Raspberry/02_Tools/tools/arm-bcm2708/gcc-linaro-arm-linux-gnueabihf-raspbian-x64/bin/../arm-linux-gnueabihf/libc/lib/arm-linux-gnueabihf] ==> dir [/home/seb/01_Project/07_Aggron/02_Search/01_Raspberry/02_Tools/tools/arm-bcm2708/gcc-linaro-arm-linux-gnueabihf-raspbian-x64/bin/../arm-linux-gnueabihf/libc/lib/arm-linux-gnueabihf]
    arg [-L/home/seb/01_Project/07_Aggron/02_Search/01_Raspberry/02_Tools/tools/arm-bcm2708/gcc-linaro-arm-linux-gnueabihf-raspbian-x64/bin/../arm-linux-gnueabihf/libc/lib] ==> dir [/home/seb/01_Project/07_Aggron/02_Search/01_Raspberry/02_Tools/tools/arm-bcm2708/gcc-linaro-arm-linux-gnueabihf-raspbian-x64/bin/../arm-linux-gnueabihf/libc/lib]
    arg [-L/home/seb/01_Project/07_Aggron/02_Search/01_Raspberry/02_Tools/tools/arm-bcm2708/gcc-linaro-arm-linux-gnueabihf-raspbian-x64/bin/../arm-linux-gnueabihf/libc/lib/arm-linux-gnueabihf] ==> dir [/home/seb/01_Project/07_Aggron/02_Search/01_Raspberry/02_Tools/tools/arm-bcm2708/gcc-linaro-arm-linux-gnueabihf-raspbian-x64/bin/../arm-linux-gnueabihf/libc/lib/arm-linux-gnueabihf]
    arg [-L/home/seb/01_Project/07_Aggron/02_Search/01_Raspberry/02_Tools/tools/arm-bcm2708/gcc-linaro-arm-linux-gnueabihf-raspbian-x64/bin/../arm-linux-gnueabihf/libc/usr/lib/arm-linux-gnueabihf] ==> dir [/home/seb/01_Project/07_Aggron/02_Search/01_Raspberry/02_Tools/tools/arm-bcm2708/gcc-linaro-arm-linux-gnueabihf-raspbian-x64/bin/../arm-linux-gnueabihf/libc/usr/lib/arm-linux-gnueabihf]
    arg [-L/home/seb/01_Project/07_Aggron/02_Search/01_Raspberry/02_Tools/tools/arm-bcm2708/gcc-linaro-arm-linux-gnueabihf-raspbian-x64/bin/../arm-linux-gnueabihf/libc/usr/lib] ==> dir [/home/seb/01_Project/07_Aggron/02_Search/01_Raspberry/02_Tools/tools/arm-bcm2708/gcc-linaro-arm-linux-gnueabihf-raspbian-x64/bin/../arm-linux-gnueabihf/libc/usr/lib]
    arg [-L/home/seb/01_Project/07_Aggron/02_Search/01_Raspberry/02_Tools/tools/arm-bcm2708/gcc-linaro-arm-linux-gnueabihf-raspbian-x64/bin/../arm-linux-gnueabihf/libc/usr/lib/arm-linux-gnueabihf] ==> dir [/home/seb/01_Project/07_Aggron/02_Search/01_Raspberry/02_Tools/tools/arm-bcm2708/gcc-linaro-arm-linux-gnueabihf-raspbian-x64/bin/../arm-linux-gnueabihf/libc/usr/lib/arm-linux-gnueabihf]
    arg [CMakeFiles/cmTryCompileExec4030762639.dir/CMakeCXXCompilerABI.cpp.o] ==> ignore
    arg [-lstdc++] ==> lib [stdc++]
    arg [-lm] ==> lib [m]
    arg [-lgcc_s] ==> lib [gcc_s]
    arg [-lgcc] ==> lib [gcc]
    arg [-lc] ==> lib [c]
    arg [-lgcc_s] ==> lib [gcc_s]
    arg [-lgcc] ==> lib [gcc]
    arg [/home/seb/01_Project/07_Aggron/02_Search/01_Raspberry/02_Tools/tools/arm-bcm2708/gcc-linaro-arm-linux-gnueabihf-raspbian-x64/bin/../lib/gcc/arm-linux-gnueabihf/4.8.3/crtend.o] ==> ignore
    arg [/home/seb/01_Project/07_Aggron/02_Search/01_Raspberry/02_Tools/tools/arm-bcm2708/gcc-linaro-arm-linux-gnueabihf-raspbian-x64/bin/../arm-linux-gnueabihf/libc/usr/lib/arm-linux-gnueabihf/crtn.o] ==> ignore
  remove lib [gcc_s]
  remove lib [gcc]
  remove lib [gcc_s]
  remove lib [gcc]
  collapse library dir [/home/seb/01_Project/07_Aggron/02_Search/01_Raspberry/02_Tools/tools/arm-bcm2708/gcc-linaro-arm-linux-gnueabihf-raspbian-x64/bin/../lib/gcc/arm-linux-gnueabihf/4.8.3] ==> [/home/seb/01_Project/07_Aggron/02_Search/01_Raspberry/02_Tools/tools/arm-bcm2708/gcc-linaro-arm-linux-gnueabihf-raspbian-x64/lib/gcc/arm-linux-gnueabihf/4.8.3]
  collapse library dir [/home/seb/01_Project/07_Aggron/02_Search/01_Raspberry/02_Tools/tools/arm-bcm2708/gcc-linaro-arm-linux-gnueabihf-raspbian-x64/bin/../lib/gcc/arm-linux-gnueabihf] ==> [/home/seb/01_Project/07_Aggron/02_Search/01_Raspberry/02_Tools/tools/arm-bcm2708/gcc-linaro-arm-linux-gnueabihf-raspbian-x64/lib/gcc/arm-linux-gnueabihf]
  collapse library dir [/home/seb/01_Project/07_Aggron/02_Search/01_Raspberry/02_Tools/tools/arm-bcm2708/gcc-linaro-arm-linux-gnueabihf-raspbian-x64/bin/../lib/gcc] ==> [/home/seb/01_Project/07_Aggron/02_Search/01_Raspberry/02_Tools/tools/arm-bcm2708/gcc-linaro-arm-linux-gnueabihf-raspbian-x64/lib/gcc]
  collapse library dir [/home/seb/01_Project/07_Aggron/02_Search/01_Raspberry/02_Tools/tools/arm-bcm2708/gcc-linaro-arm-linux-gnueabihf-raspbian-x64/bin/../lib/gcc/arm-linux-gnueabihf] ==> [/home/seb/01_Project/07_Aggron/02_Search/01_Raspberry/02_Tools/tools/arm-bcm2708/gcc-linaro-arm-linux-gnueabihf-raspbian-x64/lib/gcc/arm-linux-gnueabihf]
  collapse library dir [/home/seb/01_Project/07_Aggron/02_Search/01_Raspberry/02_Tools/tools/arm-bcm2708/gcc-linaro-arm-linux-gnueabihf-raspbian-x64/bin/../lib/gcc/arm-linux-gnueabihf/4.8.3/../../../../arm-linux-gnueabihf/lib] ==> [/home/seb/01_Project/07_Aggron/02_Search/01_Raspberry/02_Tools/tools/arm-bcm2708/gcc-linaro-arm-linux-gnueabihf-raspbian-x64/arm-linux-gnueabihf/lib]
  collapse library dir [/home/seb/01_Project/07_Aggron/02_Search/01_Raspberry/02_Tools/tools/arm-bcm2708/gcc-linaro-arm-linux-gnueabihf-raspbian-x64/bin/../arm-linux-gnueabihf/libc/lib/arm-linux-gnueabihf] ==> [/home/seb/01_Project/07_Aggron/02_Search/01_Raspberry/02_Tools/tools/arm-bcm2708/gcc-linaro-arm-linux-gnueabihf-raspbian-x64/arm-linux-gnueabihf/libc/lib/arm-linux-gnueabihf]
  collapse library dir [/home/seb/01_Project/07_Aggron/02_Search/01_Raspberry/02_Tools/tools/arm-bcm2708/gcc-linaro-arm-linux-gnueabihf-raspbian-x64/bin/../arm-linux-gnueabihf/libc/lib] ==> [/home/seb/01_Project/07_Aggron/02_Search/01_Raspberry/02_Tools/tools/arm-bcm2708/gcc-linaro-arm-linux-gnueabihf-raspbian-x64/arm-linux-gnueabihf/libc/lib]
  collapse library dir [/home/seb/01_Project/07_Aggron/02_Search/01_Raspberry/02_Tools/tools/arm-bcm2708/gcc-linaro-arm-linux-gnueabihf-raspbian-x64/bin/../arm-linux-gnueabihf/libc/lib/arm-linux-gnueabihf] ==> [/home/seb/01_Project/07_Aggron/02_Search/01_Raspberry/02_Tools/tools/arm-bcm2708/gcc-linaro-arm-linux-gnueabihf-raspbian-x64/arm-linux-gnueabihf/libc/lib/arm-linux-gnueabihf]
  collapse library dir [/home/seb/01_Project/07_Aggron/02_Search/01_Raspberry/02_Tools/tools/arm-bcm2708/gcc-linaro-arm-linux-gnueabihf-raspbian-x64/bin/../arm-linux-gnueabihf/libc/usr/lib/arm-linux-gnueabihf] ==> [/home/seb/01_Project/07_Aggron/02_Search/01_Raspberry/02_Tools/tools/arm-bcm2708/gcc-linaro-arm-linux-gnueabihf-raspbian-x64/arm-linux-gnueabihf/libc/usr/lib/arm-linux-gnueabihf]
  collapse library dir [/home/seb/01_Project/07_Aggron/02_Search/01_Raspberry/02_Tools/tools/arm-bcm2708/gcc-linaro-arm-linux-gnueabihf-raspbian-x64/bin/../arm-linux-gnueabihf/libc/usr/lib] ==> [/home/seb/01_Project/07_Aggron/02_Search/01_Raspberry/02_Tools/tools/arm-bcm2708/gcc-linaro-arm-linux-gnueabihf-raspbian-x64/arm-linux-gnueabihf/libc/usr/lib]
  collapse library dir [/home/seb/01_Project/07_Aggron/02_Search/01_Raspberry/02_Tools/tools/arm-bcm2708/gcc-linaro-arm-linux-gnueabihf-raspbian-x64/bin/../arm-linux-gnueabihf/libc/usr/lib/arm-linux-gnueabihf] ==> [/home/seb/01_Project/07_Aggron/02_Search/01_Raspberry/02_Tools/tools/arm-bcm2708/gcc-linaro-arm-linux-gnueabihf-raspbian-x64/arm-linux-gnueabihf/libc/usr/lib/arm-linux-gnueabihf]
  implicit libs: [stdc++;m;c]
  implicit dirs: [/home/seb/01_Project/07_Aggron/02_Search/01_Raspberry/02_Tools/tools/arm-bcm2708/gcc-linaro-arm-linux-gnueabihf-raspbian-x64/lib/gcc/arm-linux-gnueabihf/4.8.3;/home/seb/01_Project/07_Aggron/02_Search/01_Raspberry/02_Tools/tools/arm-bcm2708/gcc-linaro-arm-linux-gnueabihf-raspbian-x64/lib/gcc/arm-linux-gnueabihf;/home/seb/01_Project/07_Aggron/02_Search/01_Raspberry/02_Tools/tools/arm-bcm2708/gcc-linaro-arm-linux-gnueabihf-raspbian-x64/lib/gcc;/home/seb/01_Project/07_Aggron/02_Search/01_Raspberry/02_Tools/tools/arm-bcm2708/gcc-linaro-arm-linux-gnueabihf-raspbian-x64/arm-linux-gnueabihf/lib;/home/seb/01_Project/07_Aggron/02_Search/01_Raspberry/02_Tools/tools/arm-bcm2708/gcc-linaro-arm-linux-gnueabihf-raspbian-x64/arm-linux-gnueabihf/libc/lib/arm-linux-gnueabihf;/home/seb/01_Project/07_Aggron/02_Search/01_Raspberry/02_Tools/tools/arm-bcm2708/gcc-linaro-arm-linux-gnueabihf-raspbian-x64/arm-linux-gnueabihf/libc/lib;/home/seb/01_Project/07_Aggron/02_Search/01_Raspberry/02_Tools/tools/arm-bcm2708/gcc-linaro-arm-linux-gnueabihf-raspbian-x64/arm-linux-gnueabihf/libc/usr/lib/arm-linux-gnueabihf;/home/seb/01_Project/07_Aggron/02_Search/01_Raspberry/02_Tools/tools/arm-bcm2708/gcc-linaro-arm-linux-gnueabihf-raspbian-x64/arm-linux-gnueabihf/libc/usr/lib]
  implicit fwks: []


